2020-07-24 12:34:37,907 INFO o.a.j.u.JMeterUtils: Setting Locale to en_EN
2020-07-24 12:34:37,934 INFO o.a.j.JMeter: Loading user properties from: C:\Users\ing08804\OneDrive - Philips\AnilWork\apache-jmeter-5.3\bin\user.properties
2020-07-24 12:34:37,936 INFO o.a.j.JMeter: Loading system properties from: C:\Users\ing08804\OneDrive - Philips\AnilWork\apache-jmeter-5.3\bin\system.properties
2020-07-24 12:34:37,939 INFO o.a.j.JMeter: Copyright (c) 1998-2020 The Apache Software Foundation
2020-07-24 12:34:37,939 INFO o.a.j.JMeter: Version 5.3
2020-07-24 12:34:37,939 INFO o.a.j.JMeter: java.version=1.8.0_112
2020-07-24 12:34:37,939 INFO o.a.j.JMeter: java.vm.name=OpenJDK 64-Bit Server VM
2020-07-24 12:34:37,939 INFO o.a.j.JMeter: os.name=Windows 10
2020-07-24 12:34:37,940 INFO o.a.j.JMeter: os.arch=amd64
2020-07-24 12:34:37,940 INFO o.a.j.JMeter: os.version=10.0
2020-07-24 12:34:37,940 INFO o.a.j.JMeter: file.encoding=Cp1252
2020-07-24 12:34:37,940 INFO o.a.j.JMeter: java.awt.headless=null
2020-07-24 12:34:37,940 INFO o.a.j.JMeter: Max memory     =1073741824
2020-07-24 12:34:37,940 INFO o.a.j.JMeter: Available Processors =4
2020-07-24 12:34:37,950 INFO o.a.j.JMeter: Default Locale=English (EN)
2020-07-24 12:34:37,951 INFO o.a.j.JMeter: JMeter  Locale=English (EN)
2020-07-24 12:34:37,951 INFO o.a.j.JMeter: JMeterHome=C:\Users\ing08804\OneDrive - Philips\AnilWork\apache-jmeter-5.3
2020-07-24 12:34:37,951 INFO o.a.j.JMeter: user.dir  =C:\Users\ing08804\IdeaProjects\CucumberBankingAppDemo
2020-07-24 12:34:37,952 INFO o.a.j.JMeter: PWD       =C:\Users\ing08804\IdeaProjects\CucumberBankingAppDemo
2020-07-24 12:34:37,954 INFO o.a.j.JMeter: IP: 144.54.216.236 Name: YY089737 FullName: YY089737.code1.emi.philips.com
2020-07-24 12:34:38,206 INFO o.a.j.JMeter: Setting LAF to: com.github.weisj.darklaf.DarkLaf:com.github.weisj.darklaf.theme.DarculaTheme
2020-07-24 12:34:38,774 INFO o.a.j.JMeter: Loaded icon properties from org/apache/jmeter/images/icon.properties
2020-07-24 12:34:43,294 INFO o.j.r.JARSourceHTTP: Requesting https://jmeter-plugins.org/repo/?installID=windows_10-8157f952b4350ced8ab00b447f1e5c2f-gui
2020-07-24 12:34:47,075 INFO o.j.r.PluginManager: Plugins Status: [jpgc-graphs-basic=2.0, jpgc-graphs-additional=2.0, jpgc-autostop=0.1, jpgc-csl=0.1, jpgc-functions=2.1, jpgc-casutg=2.9, jpgc-dummy=0.4, jpgc-ffw=2.0, jpgc-fifo=0.2, jpgc-perfmon=2.1, jpgc-plugins-manager=1.4, jpgc-tst=2.5, jpgc-wsc=0.7, jmeter-core=5.3, jmeter-ftp=5.3, jmeter-http=5.3, jmeter-jdbc=5.3, jmeter-jms=5.3, jmeter-junit=5.3, jmeter-java=5.3, jmeter-ldap=5.3, jmeter-mail=5.3, jmeter-mongodb=5.3, jmeter-native=5.3, jmeter-tcp=5.3, jmeter-components=5.3, jpgc-standard=2.0]
2020-07-24 12:35:01,647 INFO o.a.j.s.FileServer: Default base='C:\Users\ing08804\IdeaProjects\CucumberBankingAppDemo'
2020-07-24 12:35:01,651 INFO o.a.j.g.a.Load: Loading file: C:\Users\ing08804\IdeaProjects\CucumberBankingAppDemo\PerformanceTestSuite\apache-jmeter-5.3\TestPlans\Oscars.jmx
2020-07-24 12:35:01,651 INFO o.a.j.s.FileServer: Set new base='C:\Users\ing08804\IdeaProjects\CucumberBankingAppDemo\PerformanceTestSuite\apache-jmeter-5.3\TestPlans'
2020-07-24 12:35:01,900 INFO o.a.j.s.SaveService: Testplan (JMX) version: 2.2. Testlog (JTL) version: 2.2
2020-07-24 12:35:01,911 INFO o.a.j.s.SaveService: Using SaveService properties file encoding UTF-8
2020-07-24 12:35:01,913 INFO o.a.j.s.SaveService: Using SaveService properties version 5.0
2020-07-24 12:35:01,917 INFO o.a.j.s.SaveService: Loading file: C:\Users\ing08804\IdeaProjects\CucumberBankingAppDemo\PerformanceTestSuite\apache-jmeter-5.3\TestPlans\Oscars.jmx
2020-07-24 12:35:02,089 INFO o.a.j.p.h.s.HTTPSamplerBase: Parser for text/html is org.apache.jmeter.protocol.http.parser.LagartoBasedHtmlParser
2020-07-24 12:35:02,090 INFO o.a.j.p.h.s.HTTPSamplerBase: Parser for application/xhtml+xml is org.apache.jmeter.protocol.http.parser.LagartoBasedHtmlParser
2020-07-24 12:35:02,090 INFO o.a.j.p.h.s.HTTPSamplerBase: Parser for application/xml is org.apache.jmeter.protocol.http.parser.LagartoBasedHtmlParser
2020-07-24 12:35:02,090 INFO o.a.j.p.h.s.HTTPSamplerBase: Parser for text/xml is org.apache.jmeter.protocol.http.parser.LagartoBasedHtmlParser
2020-07-24 12:35:02,090 INFO o.a.j.p.h.s.HTTPSamplerBase: Parser for text/vnd.wap.wml is org.apache.jmeter.protocol.http.parser.RegexpHTMLParser
2020-07-24 12:35:02,090 INFO o.a.j.p.h.s.HTTPSamplerBase: Parser for text/css is org.apache.jmeter.protocol.http.parser.CssParser
2020-07-24 12:35:02,200 INFO o.a.j.s.SampleResult: Note: Sample TimeStamps are START times
2020-07-24 12:35:02,200 INFO o.a.j.s.SampleResult: sampleresult.default.encoding is set to ISO-8859-1
2020-07-24 12:35:02,201 INFO o.a.j.s.SampleResult: sampleresult.useNanoTime=true
2020-07-24 12:35:02,201 INFO o.a.j.s.SampleResult: sampleresult.nanoThreadSleep=5000
2020-07-24 12:35:02,435 INFO o.a.j.v.ViewResultsFullVisualizer: Add JavaFX to your Java installation if you want to use renderer: org.apache.jmeter.visualizers.RenderInBrowser
2020-07-24 12:35:02,611 INFO o.a.j.s.FileServer: Set new base='C:\Users\ing08804\IdeaProjects\CucumberBankingAppDemo\PerformanceTestSuite\apache-jmeter-5.3\TestPlans'
2020-07-24 12:35:09,935 INFO o.a.j.e.StandardJMeterEngine: Running the test!
2020-07-24 12:35:09,939 INFO o.a.j.s.SampleEvent: List of sample_variables: []
2020-07-24 12:35:09,939 INFO o.a.j.s.SampleEvent: List of sample_variables: []
2020-07-24 12:35:09,942 INFO o.a.j.e.u.CompoundVariable: Note: Function class names must contain the string: '.functions.'
2020-07-24 12:35:09,942 INFO o.a.j.e.u.CompoundVariable: Note: Function class names must not contain the string: '.gui.'
2020-07-24 12:35:10,354 INFO o.a.j.g.u.JMeterMenuBar: setRunning(true, *local*)
2020-07-24 12:35:10,521 INFO o.a.j.e.StandardJMeterEngine: Starting ThreadGroup: 1 : APITest
2020-07-24 12:35:10,521 INFO o.a.j.e.StandardJMeterEngine: Starting 10 threads for group APITest.
2020-07-24 12:35:10,521 INFO o.a.j.e.StandardJMeterEngine: Thread will continue on error
2020-07-24 12:35:10,522 INFO o.a.j.t.ThreadGroup: Starting thread group... number=1 threads=10 ramp-up=1 delayedStart=false
2020-07-24 12:35:10,557 INFO o.a.j.t.ThreadGroup: Started thread group number 1
2020-07-24 12:35:10,558 INFO o.a.j.e.StandardJMeterEngine: All thread groups have been started
2020-07-24 12:35:10,592 INFO o.a.j.t.JMeterThread: Thread started: APITest 1-1
2020-07-24 12:35:10,595 INFO o.a.j.s.FileServer: Stored: C:/Users/ing08804/OneDrive - Philips/AnilWork/apache-jmeter-5.3/TestPlans/Years.csv
2020-07-24 12:35:10,619 INFO o.a.j.p.h.s.HTTPHCAbstractImpl: Local host = YY089737
2020-07-24 12:35:10,632 INFO o.a.j.p.h.s.HTTPHC4Impl: HTTP request retry count = 0
2020-07-24 12:35:10,675 INFO o.a.j.t.JMeterThread: Thread started: APITest 1-2
2020-07-24 12:35:10,774 INFO o.a.j.t.JMeterThread: Thread started: APITest 1-3
2020-07-24 12:35:10,860 INFO o.a.j.t.JMeterThread: Thread started: APITest 1-4
2020-07-24 12:35:10,959 INFO o.a.j.t.JMeterThread: Thread started: APITest 1-5
2020-07-24 12:35:11,058 INFO o.a.j.t.JMeterThread: Thread started: APITest 1-6
2020-07-24 12:35:11,159 INFO o.a.j.t.JMeterThread: Thread started: APITest 1-7
2020-07-24 12:35:11,248 INFO o.a.j.t.JMeterThread: Thread started: APITest 1-8
2020-07-24 12:35:11,359 INFO o.a.j.t.JMeterThread: Thread started: APITest 1-9
2020-07-24 12:35:11,458 INFO o.a.j.t.JMeterThread: Thread started: APITest 1-10
2020-07-24 12:35:12,774 INFO o.a.j.t.JMeterThread: Thread is done: APITest 1-2
2020-07-24 12:35:12,774 INFO o.a.j.t.JMeterThread: Thread is done: APITest 1-1
2020-07-24 12:35:12,774 INFO o.a.j.t.JMeterThread: Thread finished: APITest 1-2
2020-07-24 12:35:12,774 INFO o.a.j.t.JMeterThread: Thread finished: APITest 1-1
2020-07-24 12:35:12,783 INFO o.a.j.t.JMeterThread: Thread is done: APITest 1-3
2020-07-24 12:35:12,783 INFO o.a.j.t.JMeterThread: Thread finished: APITest 1-3
2020-07-24 12:35:12,869 INFO o.a.j.t.JMeterThread: Thread is done: APITest 1-4
2020-07-24 12:35:12,869 INFO o.a.j.t.JMeterThread: Thread finished: APITest 1-4
2020-07-24 12:35:12,972 INFO o.a.j.t.JMeterThread: Thread is done: APITest 1-5
2020-07-24 12:35:12,972 INFO o.a.j.t.JMeterThread: Thread finished: APITest 1-5
2020-07-24 12:35:13,068 INFO o.a.j.t.JMeterThread: Thread is done: APITest 1-6
2020-07-24 12:35:13,068 INFO o.a.j.t.JMeterThread: Thread finished: APITest 1-6
2020-07-24 12:35:13,171 INFO o.a.j.t.JMeterThread: Thread is done: APITest 1-7
2020-07-24 12:35:13,171 INFO o.a.j.t.JMeterThread: Thread finished: APITest 1-7
2020-07-24 12:35:13,267 INFO o.a.j.t.JMeterThread: Thread is done: APITest 1-8
2020-07-24 12:35:13,267 INFO o.a.j.t.JMeterThread: Thread finished: APITest 1-8
2020-07-24 12:35:13,382 INFO o.a.j.t.JMeterThread: Thread is done: APITest 1-9
2020-07-24 12:35:13,382 INFO o.a.j.t.JMeterThread: Thread finished: APITest 1-9
2020-07-24 12:35:13,483 INFO o.a.j.t.JMeterThread: Thread is done: APITest 1-10
2020-07-24 12:35:13,483 INFO o.a.j.t.JMeterThread: Thread finished: APITest 1-10
2020-07-24 12:35:13,483 INFO o.a.j.e.StandardJMeterEngine: Notifying test listeners of end of test
2020-07-24 12:35:13,485 INFO o.a.j.s.FileServer: Close: C:/Users/ing08804/OneDrive - Philips/AnilWork/apache-jmeter-5.3/TestPlans/Years.csv
2020-07-24 12:35:13,485 INFO o.a.j.g.u.JMeterMenuBar: setRunning(false, *local*)
2020-07-24 12:36:02,477 INFO o.a.j.v.ViewResultsFullVisualizer: Add JavaFX to your Java installation if you want to use renderer: org.apache.jmeter.visualizers.RenderInBrowser
2020-07-24 12:36:02,564 INFO o.a.j.g.a.Load: Loading file: C:\Users\ing08804\IdeaProjects\CucumberBankingAppDemo\PerformanceTestSuite\apache-jmeter-5.3\TestPlans\APIDemo1.jmx
2020-07-24 12:36:02,564 INFO o.a.j.s.FileServer: Set new base='C:\Users\ing08804\IdeaProjects\CucumberBankingAppDemo\PerformanceTestSuite\apache-jmeter-5.3\TestPlans'
2020-07-24 12:36:02,564 INFO o.a.j.s.SaveService: Loading file: C:\Users\ing08804\IdeaProjects\CucumberBankingAppDemo\PerformanceTestSuite\apache-jmeter-5.3\TestPlans\APIDemo1.jmx
2020-07-24 12:36:02,658 INFO o.a.j.v.ViewResultsFullVisualizer: Add JavaFX to your Java installation if you want to use renderer: org.apache.jmeter.visualizers.RenderInBrowser
2020-07-24 12:36:02,840 INFO o.a.j.s.FileServer: Set new base='C:\Users\ing08804\IdeaProjects\CucumberBankingAppDemo\PerformanceTestSuite\apache-jmeter-5.3\TestPlans'
2020-07-24 12:36:08,536 INFO o.a.j.e.StandardJMeterEngine: Running the test!
2020-07-24 12:36:08,536 INFO o.a.j.s.SampleEvent: List of sample_variables: []
2020-07-24 12:36:08,538 INFO o.a.j.g.u.JMeterMenuBar: setRunning(true, *local*)
2020-07-24 12:36:08,722 INFO o.a.j.e.StandardJMeterEngine: Starting ThreadGroup: 1 : APIDemo
2020-07-24 12:36:08,723 INFO o.a.j.e.StandardJMeterEngine: Starting 100 threads for group APIDemo.
2020-07-24 12:36:08,723 INFO o.a.j.e.StandardJMeterEngine: Thread will continue on error
2020-07-24 12:36:08,723 INFO o.a.j.t.ThreadGroup: Starting thread group... number=1 threads=100 ramp-up=1 delayedStart=false
2020-07-24 12:36:08,737 INFO o.a.j.t.JMeterThread: Thread started: APIDemo 1-1
2020-07-24 12:36:08,740 INFO o.a.j.s.FileServer: Stored: C:/Users/ing08804/OneDrive - Philips/AnilWork/apache-jmeter-5.3/TestPlans/Years.csv
2020-07-24 12:36:08,761 INFO o.a.j.t.JMeterThread: Thread started: APIDemo 1-2
2020-07-24 12:36:08,776 INFO o.a.j.t.ThreadGroup: Started thread group number 1
2020-07-24 12:36:08,776 INFO o.a.j.e.StandardJMeterEngine: All thread groups have been started
2020-07-24 12:36:08,805 INFO o.a.j.t.JMeterThread: Thread started: APIDemo 1-3
2020-07-24 12:36:08,805 INFO o.a.j.t.JMeterThread: Thread started: APIDemo 1-4
2020-07-24 12:36:08,818 INFO o.a.j.t.JMeterThread: Thread started: APIDemo 1-5
2020-07-24 12:36:08,825 INFO o.a.j.t.JMeterThread: Thread started: APIDemo 1-6
2020-07-24 12:36:08,835 INFO o.a.j.t.JMeterThread: Thread started: APIDemo 1-7
2020-07-24 12:36:08,845 INFO o.a.j.t.JMeterThread: Thread started: APIDemo 1-8
2020-07-24 12:36:08,852 INFO o.a.j.t.JMeterThread: Thread started: APIDemo 1-12
2020-07-24 12:36:08,865 INFO o.a.j.t.JMeterThread: Thread started: APIDemo 1-9
2020-07-24 12:36:08,869 INFO o.a.j.t.JMeterThread: Thread started: APIDemo 1-10
2020-07-24 12:36:08,876 INFO o.a.j.t.JMeterThread: Thread started: APIDemo 1-11
2020-07-24 12:36:08,893 INFO o.a.j.t.JMeterThread: Thread started: APIDemo 1-13
2020-07-24 12:36:08,901 INFO o.a.j.t.JMeterThread: Thread started: APIDemo 1-14
2020-07-24 12:36:08,911 INFO o.a.j.t.JMeterThread: Thread started: APIDemo 1-15
2020-07-24 12:36:08,922 INFO o.a.j.t.JMeterThread: Thread started: APIDemo 1-16
2020-07-24 12:36:08,930 INFO o.a.j.t.JMeterThread: Thread started: APIDemo 1-17
2020-07-24 12:36:08,940 INFO o.a.j.t.JMeterThread: Thread started: APIDemo 1-18
2020-07-24 12:36:08,950 INFO o.a.j.t.JMeterThread: Thread started: APIDemo 1-19
2020-07-24 12:36:08,960 INFO o.a.j.t.JMeterThread: Thread started: APIDemo 1-20
2020-07-24 12:36:08,969 INFO o.a.j.t.JMeterThread: Thread started: APIDemo 1-21
2020-07-24 12:36:08,980 INFO o.a.j.t.JMeterThread: Thread started: APIDemo 1-22
2020-07-24 12:36:08,989 INFO o.a.j.t.JMeterThread: Thread started: APIDemo 1-23
2020-07-24 12:36:08,997 INFO o.a.j.t.JMeterThread: Thread started: APIDemo 1-24
2020-07-24 12:36:09,006 INFO o.a.j.t.JMeterThread: Thread started: APIDemo 1-25
2020-07-24 12:36:09,016 INFO o.a.j.t.JMeterThread: Thread started: APIDemo 1-26
2020-07-24 12:36:09,026 INFO o.a.j.t.JMeterThread: Thread started: APIDemo 1-27
2020-07-24 12:36:09,035 INFO o.a.j.t.JMeterThread: Thread started: APIDemo 1-28
2020-07-24 12:36:09,044 INFO o.a.j.t.JMeterThread: Thread started: APIDemo 1-29
2020-07-24 12:36:09,055 INFO o.a.j.t.JMeterThread: Thread started: APIDemo 1-30
2020-07-24 12:36:09,064 INFO o.a.j.t.JMeterThread: Thread started: APIDemo 1-31
2020-07-24 12:36:09,073 INFO o.a.j.t.JMeterThread: Thread started: APIDemo 1-32
2020-07-24 12:36:09,082 INFO o.a.j.t.JMeterThread: Thread started: APIDemo 1-33
2020-07-24 12:36:09,091 INFO o.a.j.t.JMeterThread: Thread started: APIDemo 1-34
2020-07-24 12:36:09,101 INFO o.a.j.t.JMeterThread: Thread started: APIDemo 1-35
2020-07-24 12:36:09,110 INFO o.a.j.t.JMeterThread: Thread started: APIDemo 1-36
2020-07-24 12:36:09,119 INFO o.a.j.t.JMeterThread: Thread started: APIDemo 1-37
2020-07-24 12:36:09,129 INFO o.a.j.t.JMeterThread: Thread started: APIDemo 1-38
2020-07-24 12:36:09,138 INFO o.a.j.t.JMeterThread: Thread started: APIDemo 1-39
2020-07-24 12:36:09,148 INFO o.a.j.t.JMeterThread: Thread started: APIDemo 1-40
2020-07-24 12:36:09,158 INFO o.a.j.t.JMeterThread: Thread started: APIDemo 1-41
2020-07-24 12:36:09,170 INFO o.a.j.t.JMeterThread: Thread started: APIDemo 1-42
2020-07-24 12:36:09,179 INFO o.a.j.t.JMeterThread: Thread started: APIDemo 1-43
2020-07-24 12:36:09,187 INFO o.a.j.t.JMeterThread: Thread started: APIDemo 1-44
2020-07-24 12:36:09,197 INFO o.a.j.t.JMeterThread: Thread started: APIDemo 1-45
2020-07-24 12:36:09,206 INFO o.a.j.t.JMeterThread: Thread started: APIDemo 1-46
2020-07-24 12:36:09,216 INFO o.a.j.t.JMeterThread: Thread started: APIDemo 1-47
2020-07-24 12:36:09,226 INFO o.a.j.t.JMeterThread: Thread started: APIDemo 1-48
2020-07-24 12:36:09,239 INFO o.a.j.t.JMeterThread: Thread started: APIDemo 1-49
2020-07-24 12:36:09,245 INFO o.a.j.t.JMeterThread: Thread started: APIDemo 1-50
2020-07-24 12:36:09,256 INFO o.a.j.t.JMeterThread: Thread started: APIDemo 1-51
2020-07-24 12:36:09,265 INFO o.a.j.t.JMeterThread: Thread started: APIDemo 1-52
2020-07-24 12:36:09,274 INFO o.a.j.t.JMeterThread: Thread started: APIDemo 1-53
2020-07-24 12:36:09,284 INFO o.a.j.t.JMeterThread: Thread started: APIDemo 1-54
2020-07-24 12:36:09,293 INFO o.a.j.t.JMeterThread: Thread started: APIDemo 1-55
2020-07-24 12:36:09,302 INFO o.a.j.t.JMeterThread: Thread started: APIDemo 1-56
2020-07-24 12:36:09,312 INFO o.a.j.t.JMeterThread: Thread started: APIDemo 1-57
2020-07-24 12:36:09,321 INFO o.a.j.t.JMeterThread: Thread started: APIDemo 1-58
2020-07-24 12:36:09,336 INFO o.a.j.t.JMeterThread: Thread started: APIDemo 1-59
2020-07-24 12:36:09,342 INFO o.a.j.t.JMeterThread: Thread started: APIDemo 1-60
2020-07-24 12:36:09,350 INFO o.a.j.t.JMeterThread: Thread started: APIDemo 1-61
2020-07-24 12:36:09,359 INFO o.a.j.t.JMeterThread: Thread started: APIDemo 1-62
2020-07-24 12:36:09,368 INFO o.a.j.t.JMeterThread: Thread started: APIDemo 1-63
2020-07-24 12:36:09,378 INFO o.a.j.t.JMeterThread: Thread started: APIDemo 1-64
2020-07-24 12:36:09,389 INFO o.a.j.t.JMeterThread: Thread started: APIDemo 1-65
2020-07-24 12:36:09,398 INFO o.a.j.t.JMeterThread: Thread started: APIDemo 1-66
2020-07-24 12:36:09,407 INFO o.a.j.t.JMeterThread: Thread started: APIDemo 1-67
2020-07-24 12:36:09,417 INFO o.a.j.t.JMeterThread: Thread started: APIDemo 1-68
2020-07-24 12:36:09,427 INFO o.a.j.t.JMeterThread: Thread started: APIDemo 1-69
2020-07-24 12:36:09,436 INFO o.a.j.t.JMeterThread: Thread started: APIDemo 1-70
2020-07-24 12:36:09,448 INFO o.a.j.t.JMeterThread: Thread started: APIDemo 1-71
2020-07-24 12:36:09,457 INFO o.a.j.t.JMeterThread: Thread started: APIDemo 1-72
2020-07-24 12:36:09,465 INFO o.a.j.t.JMeterThread: Thread started: APIDemo 1-73
2020-07-24 12:36:09,474 INFO o.a.j.t.JMeterThread: Thread started: APIDemo 1-74
2020-07-24 12:36:09,483 INFO o.a.j.t.JMeterThread: Thread started: APIDemo 1-75
2020-07-24 12:36:09,492 INFO o.a.j.t.JMeterThread: Thread started: APIDemo 1-76
2020-07-24 12:36:09,502 INFO o.a.j.t.JMeterThread: Thread started: APIDemo 1-77
2020-07-24 12:36:09,512 INFO o.a.j.t.JMeterThread: Thread started: APIDemo 1-78
2020-07-24 12:36:09,521 INFO o.a.j.t.JMeterThread: Thread started: APIDemo 1-79
2020-07-24 12:36:09,532 INFO o.a.j.t.JMeterThread: Thread started: APIDemo 1-80
2020-07-24 12:36:09,541 INFO o.a.j.t.JMeterThread: Thread started: APIDemo 1-81
2020-07-24 12:36:09,551 INFO o.a.j.t.JMeterThread: Thread started: APIDemo 1-82
2020-07-24 12:36:09,558 INFO o.a.j.t.JMeterThread: Thread started: APIDemo 1-83
2020-07-24 12:36:09,566 INFO o.a.j.t.JMeterThread: Thread started: APIDemo 1-84
2020-07-24 12:36:09,597 INFO o.a.j.t.JMeterThread: Thread started: APIDemo 1-85
2020-07-24 12:36:09,600 INFO o.a.j.t.JMeterThread: Thread started: APIDemo 1-86
2020-07-24 12:36:09,609 INFO o.a.j.t.JMeterThread: Thread started: APIDemo 1-87
2020-07-24 12:36:09,619 INFO o.a.j.t.JMeterThread: Thread started: APIDemo 1-88
2020-07-24 12:36:09,629 INFO o.a.j.t.JMeterThread: Thread started: APIDemo 1-89
2020-07-24 12:36:09,643 INFO o.a.j.t.JMeterThread: Thread started: APIDemo 1-90
2020-07-24 12:36:09,657 INFO o.a.j.t.JMeterThread: Thread started: APIDemo 1-91
2020-07-24 12:36:09,662 INFO o.a.j.t.JMeterThread: Thread started: APIDemo 1-92
2020-07-24 12:36:09,673 INFO o.a.j.t.JMeterThread: Thread started: APIDemo 1-93
2020-07-24 12:36:09,682 INFO o.a.j.t.JMeterThread: Thread started: APIDemo 1-94
2020-07-24 12:36:09,692 INFO o.a.j.t.JMeterThread: Thread started: APIDemo 1-95
2020-07-24 12:36:09,702 INFO o.a.j.t.JMeterThread: Thread started: APIDemo 1-96
2020-07-24 12:36:09,725 INFO o.a.j.t.JMeterThread: Thread started: APIDemo 1-97
2020-07-24 12:36:09,726 INFO o.a.j.t.JMeterThread: Thread started: APIDemo 1-98
2020-07-24 12:36:09,734 INFO o.a.j.t.JMeterThread: Thread started: APIDemo 1-99
2020-07-24 12:36:09,741 INFO o.a.j.t.JMeterThread: Thread started: APIDemo 1-100
2020-07-24 12:36:10,813 INFO o.a.j.t.JMeterThread: Thread is done: APIDemo 1-2
2020-07-24 12:36:10,813 INFO o.a.j.t.JMeterThread: Thread is done: APIDemo 1-1
2020-07-24 12:36:10,813 INFO o.a.j.t.JMeterThread: Thread finished: APIDemo 1-2
2020-07-24 12:36:10,814 INFO o.a.j.t.JMeterThread: Thread finished: APIDemo 1-1
2020-07-24 12:36:10,822 INFO o.a.j.t.JMeterThread: Thread is done: APIDemo 1-3
2020-07-24 12:36:10,823 INFO o.a.j.t.JMeterThread: Thread finished: APIDemo 1-3
2020-07-24 12:36:10,835 INFO o.a.j.t.JMeterThread: Thread is done: APIDemo 1-4
2020-07-24 12:36:10,835 INFO o.a.j.t.JMeterThread: Thread is done: APIDemo 1-5
2020-07-24 12:36:10,835 INFO o.a.j.t.JMeterThread: Thread finished: APIDemo 1-4
2020-07-24 12:36:10,835 INFO o.a.j.t.JMeterThread: Thread finished: APIDemo 1-5
2020-07-24 12:36:10,839 INFO o.a.j.t.JMeterThread: Thread is done: APIDemo 1-6
2020-07-24 12:36:10,839 INFO o.a.j.t.JMeterThread: Thread finished: APIDemo 1-6
2020-07-24 12:36:10,856 INFO o.a.j.t.JMeterThread: Thread is done: APIDemo 1-7
2020-07-24 12:36:10,856 INFO o.a.j.t.JMeterThread: Thread finished: APIDemo 1-7
2020-07-24 12:36:10,861 INFO o.a.j.t.JMeterThread: Thread is done: APIDemo 1-8
2020-07-24 12:36:10,861 INFO o.a.j.t.JMeterThread: Thread finished: APIDemo 1-8
2020-07-24 12:36:10,870 INFO o.a.j.t.JMeterThread: Thread is done: APIDemo 1-12
2020-07-24 12:36:10,873 INFO o.a.j.t.JMeterThread: Thread finished: APIDemo 1-12
2020-07-24 12:36:10,880 INFO o.a.j.t.JMeterThread: Thread is done: APIDemo 1-9
2020-07-24 12:36:10,880 INFO o.a.j.t.JMeterThread: Thread finished: APIDemo 1-9
2020-07-24 12:36:10,886 INFO o.a.j.t.JMeterThread: Thread is done: APIDemo 1-11
2020-07-24 12:36:10,886 INFO o.a.j.t.JMeterThread: Thread finished: APIDemo 1-11
2020-07-24 12:36:10,890 INFO o.a.j.t.JMeterThread: Thread is done: APIDemo 1-10
2020-07-24 12:36:10,890 INFO o.a.j.t.JMeterThread: Thread finished: APIDemo 1-10
2020-07-24 12:36:10,899 INFO o.a.j.t.JMeterThread: Thread is done: APIDemo 1-13
2020-07-24 12:36:10,899 INFO o.a.j.t.JMeterThread: Thread finished: APIDemo 1-13
2020-07-24 12:36:10,906 INFO o.a.j.t.JMeterThread: Thread is done: APIDemo 1-14
2020-07-24 12:36:10,906 INFO o.a.j.t.JMeterThread: Thread finished: APIDemo 1-14
2020-07-24 12:36:10,919 INFO o.a.j.t.JMeterThread: Thread is done: APIDemo 1-15
2020-07-24 12:36:10,919 INFO o.a.j.t.JMeterThread: Thread finished: APIDemo 1-15
2020-07-24 12:36:10,928 INFO o.a.j.t.JMeterThread: Thread is done: APIDemo 1-16
2020-07-24 12:36:10,928 INFO o.a.j.t.JMeterThread: Thread finished: APIDemo 1-16
2020-07-24 12:36:10,935 INFO o.a.j.t.JMeterThread: Thread is done: APIDemo 1-17
2020-07-24 12:36:10,935 INFO o.a.j.t.JMeterThread: Thread finished: APIDemo 1-17
2020-07-24 12:36:10,944 INFO o.a.j.t.JMeterThread: Thread is done: APIDemo 1-18
2020-07-24 12:36:10,944 INFO o.a.j.t.JMeterThread: Thread finished: APIDemo 1-18
2020-07-24 12:36:10,962 INFO o.a.j.t.JMeterThread: Thread is done: APIDemo 1-19
2020-07-24 12:36:10,962 INFO o.a.j.t.JMeterThread: Thread finished: APIDemo 1-19
2020-07-24 12:36:10,972 INFO o.a.j.t.JMeterThread: Thread is done: APIDemo 1-20
2020-07-24 12:36:10,972 INFO o.a.j.t.JMeterThread: Thread finished: APIDemo 1-20
2020-07-24 12:36:10,985 INFO o.a.j.t.JMeterThread: Thread is done: APIDemo 1-21
2020-07-24 12:36:10,986 INFO o.a.j.t.JMeterThread: Thread finished: APIDemo 1-21
2020-07-24 12:36:10,991 INFO o.a.j.t.JMeterThread: Thread is done: APIDemo 1-22
2020-07-24 12:36:10,991 INFO o.a.j.t.JMeterThread: Thread finished: APIDemo 1-22
2020-07-24 12:36:10,999 INFO o.a.j.t.JMeterThread: Thread is done: APIDemo 1-23
2020-07-24 12:36:10,999 INFO o.a.j.t.JMeterThread: Thread finished: APIDemo 1-23
2020-07-24 12:36:11,005 INFO o.a.j.t.JMeterThread: Thread is done: APIDemo 1-24
2020-07-24 12:36:11,005 INFO o.a.j.t.JMeterThread: Thread finished: APIDemo 1-24
2020-07-24 12:36:11,013 INFO o.a.j.t.JMeterThread: Thread is done: APIDemo 1-25
2020-07-24 12:36:11,013 INFO o.a.j.t.JMeterThread: Thread finished: APIDemo 1-25
2020-07-24 12:36:11,038 INFO o.a.j.t.JMeterThread: Thread is done: APIDemo 1-27
2020-07-24 12:36:11,038 INFO o.a.j.t.JMeterThread: Thread finished: APIDemo 1-27
2020-07-24 12:36:11,032 INFO o.a.j.t.JMeterThread: Thread is done: APIDemo 1-26
2020-07-24 12:36:11,040 INFO o.a.j.t.JMeterThread: Thread finished: APIDemo 1-26
2020-07-24 12:36:11,046 INFO o.a.j.t.JMeterThread: Thread is done: APIDemo 1-28
2020-07-24 12:36:11,047 INFO o.a.j.t.JMeterThread: Thread finished: APIDemo 1-28
2020-07-24 12:36:11,053 INFO o.a.j.t.JMeterThread: Thread is done: APIDemo 1-29
2020-07-24 12:36:11,053 INFO o.a.j.t.JMeterThread: Thread finished: APIDemo 1-29
2020-07-24 12:36:11,069 INFO o.a.j.t.JMeterThread: Thread is done: APIDemo 1-30
2020-07-24 12:36:11,069 INFO o.a.j.t.JMeterThread: Thread finished: APIDemo 1-30
2020-07-24 12:36:11,074 INFO o.a.j.t.JMeterThread: Thread is done: APIDemo 1-31
2020-07-24 12:36:11,074 INFO o.a.j.t.JMeterThread: Thread finished: APIDemo 1-31
2020-07-24 12:36:11,081 INFO o.a.j.t.JMeterThread: Thread is done: APIDemo 1-32
2020-07-24 12:36:11,081 INFO o.a.j.t.JMeterThread: Thread finished: APIDemo 1-32
2020-07-24 12:36:11,103 INFO o.a.j.t.JMeterThread: Thread is done: APIDemo 1-34
2020-07-24 12:36:11,103 INFO o.a.j.t.JMeterThread: Thread finished: APIDemo 1-34
2020-07-24 12:36:11,105 INFO o.a.j.t.JMeterThread: Thread is done: APIDemo 1-33
2020-07-24 12:36:11,106 INFO o.a.j.t.JMeterThread: Thread finished: APIDemo 1-33
2020-07-24 12:36:11,110 INFO o.a.j.t.JMeterThread: Thread is done: APIDemo 1-35
2020-07-24 12:36:11,110 INFO o.a.j.t.JMeterThread: Thread finished: APIDemo 1-35
2020-07-24 12:36:11,117 INFO o.a.j.t.JMeterThread: Thread is done: APIDemo 1-36
2020-07-24 12:36:11,118 INFO o.a.j.t.JMeterThread: Thread finished: APIDemo 1-36
2020-07-24 12:36:11,127 INFO o.a.j.t.JMeterThread: Thread is done: APIDemo 1-37
2020-07-24 12:36:11,127 INFO o.a.j.t.JMeterThread: Thread finished: APIDemo 1-37
2020-07-24 12:36:11,141 INFO o.a.j.t.JMeterThread: Thread is done: APIDemo 1-38
2020-07-24 12:36:11,142 INFO o.a.j.t.JMeterThread: Thread finished: APIDemo 1-38
2020-07-24 12:36:11,148 INFO o.a.j.t.JMeterThread: Thread is done: APIDemo 1-39
2020-07-24 12:36:11,149 INFO o.a.j.t.JMeterThread: Thread finished: APIDemo 1-39
2020-07-24 12:36:11,154 INFO o.a.j.t.JMeterThread: Thread is done: APIDemo 1-40
2020-07-24 12:36:11,154 INFO o.a.j.t.JMeterThread: Thread finished: APIDemo 1-40
2020-07-24 12:36:11,176 INFO o.a.j.t.JMeterThread: Thread is done: APIDemo 1-41
2020-07-24 12:36:11,176 INFO o.a.j.t.JMeterThread: Thread finished: APIDemo 1-41
2020-07-24 12:36:11,181 INFO o.a.j.t.JMeterThread: Thread is done: APIDemo 1-42
2020-07-24 12:36:11,181 INFO o.a.j.t.JMeterThread: Thread finished: APIDemo 1-42
2020-07-24 12:36:11,187 INFO o.a.j.t.JMeterThread: Thread is done: APIDemo 1-43
2020-07-24 12:36:11,187 INFO o.a.j.t.JMeterThread: Thread finished: APIDemo 1-43
2020-07-24 12:36:11,207 INFO o.a.j.t.JMeterThread: Thread is done: APIDemo 1-45
2020-07-24 12:36:11,207 INFO o.a.j.t.JMeterThread: Thread finished: APIDemo 1-45
2020-07-24 12:36:11,208 INFO o.a.j.t.JMeterThread: Thread is done: APIDemo 1-44
2020-07-24 12:36:11,209 INFO o.a.j.t.JMeterThread: Thread finished: APIDemo 1-44
2020-07-24 12:36:11,212 INFO o.a.j.t.JMeterThread: Thread is done: APIDemo 1-46
2020-07-24 12:36:11,213 INFO o.a.j.t.JMeterThread: Thread finished: APIDemo 1-46
2020-07-24 12:36:11,222 INFO o.a.j.t.JMeterThread: Thread is done: APIDemo 1-47
2020-07-24 12:36:11,223 INFO o.a.j.t.JMeterThread: Thread finished: APIDemo 1-47
2020-07-24 12:36:11,230 INFO o.a.j.t.JMeterThread: Thread is done: APIDemo 1-48
2020-07-24 12:36:11,231 INFO o.a.j.t.JMeterThread: Thread finished: APIDemo 1-48
2020-07-24 12:36:11,245 INFO o.a.j.t.JMeterThread: Thread is done: APIDemo 1-49
2020-07-24 12:36:11,245 INFO o.a.j.t.JMeterThread: Thread finished: APIDemo 1-49
2020-07-24 12:36:11,249 INFO o.a.j.t.JMeterThread: Thread is done: APIDemo 1-50
2020-07-24 12:36:11,250 INFO o.a.j.t.JMeterThread: Thread finished: APIDemo 1-50
2020-07-24 12:36:11,266 INFO o.a.j.t.JMeterThread: Thread is done: APIDemo 1-51
2020-07-24 12:36:11,266 INFO o.a.j.t.JMeterThread: Thread finished: APIDemo 1-51
2020-07-24 12:36:11,272 INFO o.a.j.t.JMeterThread: Thread is done: APIDemo 1-52
2020-07-24 12:36:11,272 INFO o.a.j.t.JMeterThread: Thread finished: APIDemo 1-52
2020-07-24 12:36:11,285 INFO o.a.j.t.JMeterThread: Thread is done: APIDemo 1-53
2020-07-24 12:36:11,285 INFO o.a.j.t.JMeterThread: Thread finished: APIDemo 1-53
2020-07-24 12:36:11,290 INFO o.a.j.t.JMeterThread: Thread is done: APIDemo 1-54
2020-07-24 12:36:11,290 INFO o.a.j.t.JMeterThread: Thread finished: APIDemo 1-54
2020-07-24 12:36:11,304 INFO o.a.j.t.JMeterThread: Thread is done: APIDemo 1-55
2020-07-24 12:36:11,304 INFO o.a.j.t.JMeterThread: Thread finished: APIDemo 1-55
2020-07-24 12:36:11,312 INFO o.a.j.t.JMeterThread: Thread is done: APIDemo 1-56
2020-07-24 12:36:11,312 INFO o.a.j.t.JMeterThread: Thread finished: APIDemo 1-56
2020-07-24 12:36:11,319 INFO o.a.j.t.JMeterThread: Thread is done: APIDemo 1-57
2020-07-24 12:36:11,319 INFO o.a.j.t.JMeterThread: Thread finished: APIDemo 1-57
2020-07-24 12:36:11,329 INFO o.a.j.t.JMeterThread: Thread is done: APIDemo 1-58
2020-07-24 12:36:11,329 INFO o.a.j.t.JMeterThread: Thread finished: APIDemo 1-58
2020-07-24 12:36:11,345 INFO o.a.j.t.JMeterThread: Thread is done: APIDemo 1-59
2020-07-24 12:36:11,345 INFO o.a.j.t.JMeterThread: Thread finished: APIDemo 1-59
2020-07-24 12:36:11,349 INFO o.a.j.t.JMeterThread: Thread is done: APIDemo 1-60
2020-07-24 12:36:11,350 INFO o.a.j.t.JMeterThread: Thread finished: APIDemo 1-60
2020-07-24 12:36:11,363 INFO o.a.j.t.JMeterThread: Thread is done: APIDemo 1-61
2020-07-24 12:36:11,363 INFO o.a.j.t.JMeterThread: Thread finished: APIDemo 1-61
2020-07-24 12:36:11,369 INFO o.a.j.t.JMeterThread: Thread is done: APIDemo 1-62
2020-07-24 12:36:11,369 INFO o.a.j.t.JMeterThread: Thread finished: APIDemo 1-62
2020-07-24 12:36:11,384 INFO o.a.j.t.JMeterThread: Thread is done: APIDemo 1-63
2020-07-24 12:36:11,384 INFO o.a.j.t.JMeterThread: Thread finished: APIDemo 1-63
2020-07-24 12:36:11,395 INFO o.a.j.t.JMeterThread: Thread is done: APIDemo 1-64
2020-07-24 12:36:11,395 INFO o.a.j.t.JMeterThread: Thread finished: APIDemo 1-64
2020-07-24 12:36:11,410 INFO o.a.j.t.JMeterThread: Thread is done: APIDemo 1-66
2020-07-24 12:36:11,410 INFO o.a.j.t.JMeterThread: Thread finished: APIDemo 1-66
2020-07-24 12:36:11,412 INFO o.a.j.t.JMeterThread: Thread is done: APIDemo 1-65
2020-07-24 12:36:11,412 INFO o.a.j.t.JMeterThread: Thread finished: APIDemo 1-65
2020-07-24 12:36:11,417 INFO o.a.j.t.JMeterThread: Thread is done: APIDemo 1-67
2020-07-24 12:36:11,418 INFO o.a.j.t.JMeterThread: Thread finished: APIDemo 1-67
2020-07-24 12:36:11,423 INFO o.a.j.t.JMeterThread: Thread is done: APIDemo 1-68
2020-07-24 12:36:11,424 INFO o.a.j.t.JMeterThread: Thread finished: APIDemo 1-68
2020-07-24 12:36:11,437 INFO o.a.j.t.JMeterThread: Thread is done: APIDemo 1-69
2020-07-24 12:36:11,437 INFO o.a.j.t.JMeterThread: Thread finished: APIDemo 1-69
2020-07-24 12:36:11,458 INFO o.a.j.t.JMeterThread: Thread is done: APIDemo 1-71
2020-07-24 12:36:11,459 INFO o.a.j.t.JMeterThread: Thread finished: APIDemo 1-71
2020-07-24 12:36:11,461 INFO o.a.j.t.JMeterThread: Thread is done: APIDemo 1-70
2020-07-24 12:36:11,461 INFO o.a.j.t.JMeterThread: Thread finished: APIDemo 1-70
2020-07-24 12:36:11,472 INFO o.a.j.t.JMeterThread: Thread is done: APIDemo 1-72
2020-07-24 12:36:11,472 INFO o.a.j.t.JMeterThread: Thread finished: APIDemo 1-72
2020-07-24 12:36:11,476 INFO o.a.j.t.JMeterThread: Thread is done: APIDemo 1-73
2020-07-24 12:36:11,476 INFO o.a.j.t.JMeterThread: Thread finished: APIDemo 1-73
2020-07-24 12:36:11,486 INFO o.a.j.t.JMeterThread: Thread is done: APIDemo 1-74
2020-07-24 12:36:11,486 INFO o.a.j.t.JMeterThread: Thread finished: APIDemo 1-74
2020-07-24 12:36:11,489 INFO o.a.j.t.JMeterThread: Thread is done: APIDemo 1-75
2020-07-24 12:36:11,489 INFO o.a.j.t.JMeterThread: Thread finished: APIDemo 1-75
2020-07-24 12:36:11,507 INFO o.a.j.t.JMeterThread: Thread is done: APIDemo 1-76
2020-07-24 12:36:11,507 INFO o.a.j.t.JMeterThread: Thread finished: APIDemo 1-76
2020-07-24 12:36:11,511 INFO o.a.j.t.JMeterThread: Thread is done: APIDemo 1-77
2020-07-24 12:36:11,511 INFO o.a.j.t.JMeterThread: Thread finished: APIDemo 1-77
2020-07-24 12:36:11,517 INFO o.a.j.t.JMeterThread: Thread is done: APIDemo 1-78
2020-07-24 12:36:11,518 INFO o.a.j.t.JMeterThread: Thread finished: APIDemo 1-78
2020-07-24 12:36:11,529 INFO o.a.j.t.JMeterThread: Thread is done: APIDemo 1-79
2020-07-24 12:36:11,530 INFO o.a.j.t.JMeterThread: Thread finished: APIDemo 1-79
2020-07-24 12:36:11,542 INFO o.a.j.t.JMeterThread: Thread is done: APIDemo 1-80
2020-07-24 12:36:11,543 INFO o.a.j.t.JMeterThread: Thread finished: APIDemo 1-80
2020-07-24 12:36:11,548 INFO o.a.j.t.JMeterThread: Thread is done: APIDemo 1-81
2020-07-24 12:36:11,549 INFO o.a.j.t.JMeterThread: Thread finished: APIDemo 1-81
2020-07-24 12:36:11,561 INFO o.a.j.t.JMeterThread: Thread is done: APIDemo 1-82
2020-07-24 12:36:11,561 INFO o.a.j.t.JMeterThread: Thread finished: APIDemo 1-82
2020-07-24 12:36:11,565 INFO o.a.j.t.JMeterThread: Thread is done: APIDemo 1-83
2020-07-24 12:36:11,566 INFO o.a.j.t.JMeterThread: Thread finished: APIDemo 1-83
2020-07-24 12:36:11,573 INFO o.a.j.t.JMeterThread: Thread is done: APIDemo 1-84
2020-07-24 12:36:11,574 INFO o.a.j.t.JMeterThread: Thread finished: APIDemo 1-84
2020-07-24 12:36:11,612 INFO o.a.j.t.JMeterThread: Thread is done: APIDemo 1-86
2020-07-24 12:36:11,612 INFO o.a.j.t.JMeterThread: Thread finished: APIDemo 1-86
2020-07-24 12:36:11,614 INFO o.a.j.t.JMeterThread: Thread is done: APIDemo 1-85
2020-07-24 12:36:11,614 INFO o.a.j.t.JMeterThread: Thread finished: APIDemo 1-85
2020-07-24 12:36:11,618 INFO o.a.j.t.JMeterThread: Thread is done: APIDemo 1-87
2020-07-24 12:36:11,618 INFO o.a.j.t.JMeterThread: Thread finished: APIDemo 1-87
2020-07-24 12:36:11,633 INFO o.a.j.t.JMeterThread: Thread is done: APIDemo 1-88
2020-07-24 12:36:11,633 INFO o.a.j.t.JMeterThread: Thread finished: APIDemo 1-88
2020-07-24 12:36:11,636 INFO o.a.j.t.JMeterThread: Thread is done: APIDemo 1-89
2020-07-24 12:36:11,642 INFO o.a.j.t.JMeterThread: Thread finished: APIDemo 1-89
2020-07-24 12:36:11,665 INFO o.a.j.t.JMeterThread: Thread is done: APIDemo 1-90
2020-07-24 12:36:11,665 INFO o.a.j.t.JMeterThread: Thread is done: APIDemo 1-91
2020-07-24 12:36:11,665 INFO o.a.j.t.JMeterThread: Thread finished: APIDemo 1-90
2020-07-24 12:36:11,665 INFO o.a.j.t.JMeterThread: Thread finished: APIDemo 1-91
2020-07-24 12:36:11,669 INFO o.a.j.t.JMeterThread: Thread is done: APIDemo 1-92
2020-07-24 12:36:11,670 INFO o.a.j.t.JMeterThread: Thread finished: APIDemo 1-92
2020-07-24 12:36:11,678 INFO o.a.j.t.JMeterThread: Thread is done: APIDemo 1-93
2020-07-24 12:36:11,678 INFO o.a.j.t.JMeterThread: Thread finished: APIDemo 1-93
2020-07-24 12:36:11,686 INFO o.a.j.t.JMeterThread: Thread is done: APIDemo 1-94
2020-07-24 12:36:11,687 INFO o.a.j.t.JMeterThread: Thread finished: APIDemo 1-94
2020-07-24 12:36:11,700 INFO o.a.j.t.JMeterThread: Thread is done: APIDemo 1-95
2020-07-24 12:36:11,700 INFO o.a.j.t.JMeterThread: Thread finished: APIDemo 1-95
2020-07-24 12:36:11,728 INFO o.a.j.t.JMeterThread: Thread is done: APIDemo 1-96
2020-07-24 12:36:11,728 INFO o.a.j.t.JMeterThread: Thread finished: APIDemo 1-96
2020-07-24 12:36:11,732 INFO o.a.j.t.JMeterThread: Thread is done: APIDemo 1-97
2020-07-24 12:36:11,732 INFO o.a.j.t.JMeterThread: Thread finished: APIDemo 1-97
2020-07-24 12:36:11,739 INFO o.a.j.t.JMeterThread: Thread is done: APIDemo 1-98
2020-07-24 12:36:11,740 INFO o.a.j.t.JMeterThread: Thread finished: APIDemo 1-98
2020-07-24 12:36:11,746 INFO o.a.j.t.JMeterThread: Thread is done: APIDemo 1-99
2020-07-24 12:36:11,746 INFO o.a.j.t.JMeterThread: Thread finished: APIDemo 1-99
2020-07-24 12:36:11,748 INFO o.a.j.t.JMeterThread: Thread is done: APIDemo 1-100
2020-07-24 12:36:11,750 INFO o.a.j.t.JMeterThread: Thread finished: APIDemo 1-100
2020-07-24 12:36:11,751 INFO o.a.j.e.StandardJMeterEngine: Notifying test listeners of end of test
2020-07-24 12:36:11,752 INFO o.a.j.s.FileServer: Close: C:/Users/ing08804/OneDrive - Philips/AnilWork/apache-jmeter-5.3/TestPlans/Years.csv
2020-07-24 12:36:11,752 INFO o.a.j.g.u.JMeterMenuBar: setRunning(false, *local*)
2020-07-24 12:36:28,532 INFO o.a.j.g.a.Load: Loading file: C:\Users\ing08804\IdeaProjects\CucumberBankingAppDemo\PerformanceTestSuite\apache-jmeter-5.3\TestPlans\FirstTest.jmx
2020-07-24 12:36:28,532 INFO o.a.j.s.FileServer: Set new base='C:\Users\ing08804\IdeaProjects\CucumberBankingAppDemo\PerformanceTestSuite\apache-jmeter-5.3\TestPlans'
2020-07-24 12:36:28,532 INFO o.a.j.s.SaveService: Loading file: C:\Users\ing08804\IdeaProjects\CucumberBankingAppDemo\PerformanceTestSuite\apache-jmeter-5.3\TestPlans\FirstTest.jmx
2020-07-24 12:36:28,628 INFO o.a.j.v.ViewResultsFullVisualizer: Add JavaFX to your Java installation if you want to use renderer: org.apache.jmeter.visualizers.RenderInBrowser
2020-07-24 12:36:28,768 INFO o.a.j.s.FileServer: Set new base='C:\Users\ing08804\IdeaProjects\CucumberBankingAppDemo\PerformanceTestSuite\apache-jmeter-5.3\TestPlans'
2020-07-24 12:36:40,947 INFO o.a.j.e.StandardJMeterEngine: Running the test!
2020-07-24 12:36:40,947 INFO o.a.j.s.SampleEvent: List of sample_variables: []
2020-07-24 12:36:40,958 INFO o.a.j.g.u.JMeterMenuBar: setRunning(true, *local*)
2020-07-24 12:36:41,201 INFO o.a.j.e.StandardJMeterEngine: Starting ThreadGroup: 1 : Users
2020-07-24 12:36:41,201 INFO o.a.j.e.StandardJMeterEngine: Starting 100 threads for group Users.
2020-07-24 12:36:41,201 INFO o.a.j.e.StandardJMeterEngine: Thread will continue on error
2020-07-24 12:36:41,201 INFO o.a.j.t.ThreadGroup: Starting thread group... number=1 threads=100 ramp-up=5 delayedStart=false
2020-07-24 12:36:41,222 INFO o.a.j.t.JMeterThread: Thread started: Users 1-1
2020-07-24 12:36:41,251 INFO o.a.j.t.ThreadGroup: Started thread group number 1
2020-07-24 12:36:41,251 INFO o.a.j.e.StandardJMeterEngine: All thread groups have been started
2020-07-24 12:36:41,300 INFO o.a.j.t.JMeterThread: Thread started: Users 1-2
2020-07-24 12:36:41,349 INFO o.a.j.t.JMeterThread: Thread started: Users 1-3
2020-07-24 12:36:41,399 INFO o.a.j.t.JMeterThread: Thread started: Users 1-4
2020-07-24 12:36:41,449 INFO o.a.j.t.JMeterThread: Thread started: Users 1-5
2020-07-24 12:36:41,498 INFO o.a.j.t.JMeterThread: Thread started: Users 1-6
2020-07-24 12:36:41,547 INFO o.a.j.t.JMeterThread: Thread started: Users 1-7
2020-07-24 12:36:41,597 INFO o.a.j.t.JMeterThread: Thread started: Users 1-8
2020-07-24 12:36:41,648 INFO o.a.j.t.JMeterThread: Thread started: Users 1-9
2020-07-24 12:36:41,697 INFO o.a.j.t.JMeterThread: Thread started: Users 1-10
2020-07-24 12:36:41,745 INFO o.a.j.t.JMeterThread: Thread started: Users 1-11
2020-07-24 12:36:41,795 INFO o.a.j.t.JMeterThread: Thread started: Users 1-12
2020-07-24 12:36:41,844 INFO o.a.j.t.JMeterThread: Thread started: Users 1-13
2020-07-24 12:36:41,894 INFO o.a.j.t.JMeterThread: Thread started: Users 1-14
2020-07-24 12:36:41,943 INFO o.a.j.t.JMeterThread: Thread started: Users 1-15
2020-07-24 12:36:41,993 INFO o.a.j.t.JMeterThread: Thread started: Users 1-16
2020-07-24 12:36:42,044 INFO o.a.j.t.JMeterThread: Thread started: Users 1-17
2020-07-24 12:36:42,093 INFO o.a.j.t.JMeterThread: Thread started: Users 1-18
2020-07-24 12:36:42,125 INFO o.a.j.p.h.s.h.LazyLayeredConnectionSocketFactory: Setting up HTTPS TrustAll Socket Factory
2020-07-24 12:36:42,129 INFO o.a.j.u.JsseSSLManager: Using default SSL protocol: TLS
2020-07-24 12:36:42,129 INFO o.a.j.u.JsseSSLManager: SSL session context: per-thread
2020-07-24 12:36:42,142 INFO o.a.j.t.JMeterThread: Thread started: Users 1-19
2020-07-24 12:36:42,191 INFO o.a.j.t.JMeterThread: Thread started: Users 1-20
2020-07-24 12:36:42,220 INFO o.a.j.u.SSLManager: JmeterKeyStore Location:  type JKS
2020-07-24 12:36:42,220 INFO o.a.j.u.SSLManager: KeyStore created OK
2020-07-24 12:36:42,220 WARN o.a.j.u.SSLManager: Keystore file not found, loading empty keystore
2020-07-24 12:36:42,247 INFO o.a.j.t.JMeterThread: Thread started: Users 1-21
2020-07-24 12:36:42,292 INFO o.a.j.t.JMeterThread: Thread started: Users 1-22
2020-07-24 12:36:42,342 INFO o.a.j.t.JMeterThread: Thread started: Users 1-23
2020-07-24 12:36:42,415 INFO o.a.j.t.JMeterThread: Thread started: Users 1-24
2020-07-24 12:36:42,442 INFO o.a.j.t.JMeterThread: Thread started: Users 1-25
2020-07-24 12:36:42,496 INFO o.a.j.t.JMeterThread: Thread started: Users 1-26
2020-07-24 12:36:42,539 INFO o.a.j.t.JMeterThread: Thread started: Users 1-27
2020-07-24 12:36:42,589 INFO o.a.j.t.JMeterThread: Thread started: Users 1-28
2020-07-24 12:36:42,639 INFO o.a.j.t.JMeterThread: Thread started: Users 1-29
2020-07-24 12:36:42,690 INFO o.a.j.t.JMeterThread: Thread started: Users 1-30
2020-07-24 12:36:42,739 INFO o.a.j.t.JMeterThread: Thread started: Users 1-31
2020-07-24 12:36:42,789 INFO o.a.j.t.JMeterThread: Thread started: Users 1-32
2020-07-24 12:36:42,839 INFO o.a.j.t.JMeterThread: Thread started: Users 1-33
2020-07-24 12:36:42,887 INFO o.a.j.t.JMeterThread: Thread started: Users 1-34
2020-07-24 12:36:42,975 INFO o.a.j.t.JMeterThread: Thread started: Users 1-35
2020-07-24 12:36:42,998 INFO o.a.j.t.JMeterThread: Thread started: Users 1-36
2020-07-24 12:36:43,040 INFO o.a.j.t.JMeterThread: Thread started: Users 1-37
2020-07-24 12:36:43,167 INFO o.a.j.t.JMeterThread: Thread started: Users 1-38
2020-07-24 12:36:43,179 INFO o.a.j.t.JMeterThread: Thread started: Users 1-39
2020-07-24 12:36:43,220 INFO o.a.j.t.JMeterThread: Thread started: Users 1-40
2020-07-24 12:36:43,234 INFO o.a.j.t.JMeterThread: Thread started: Users 1-41
2020-07-24 12:36:43,285 INFO o.a.j.t.JMeterThread: Thread started: Users 1-42
2020-07-24 12:36:43,367 INFO o.a.j.t.JMeterThread: Thread started: Users 1-43
2020-07-24 12:36:43,385 INFO o.a.j.t.JMeterThread: Thread started: Users 1-44
2020-07-24 12:36:43,439 INFO o.a.j.t.JMeterThread: Thread started: Users 1-45
2020-07-24 12:36:43,483 INFO o.a.j.t.JMeterThread: Thread started: Users 1-46
2020-07-24 12:36:43,533 INFO o.a.j.t.JMeterThread: Thread started: Users 1-47
2020-07-24 12:36:43,582 INFO o.a.j.t.JMeterThread: Thread started: Users 1-48
2020-07-24 12:36:43,632 INFO o.a.j.t.JMeterThread: Thread started: Users 1-49
2020-07-24 12:36:43,661 INFO o.a.j.t.JMeterThread: Thread is done: Users 1-16
2020-07-24 12:36:43,661 INFO o.a.j.t.JMeterThread: Thread finished: Users 1-16
2020-07-24 12:36:43,682 INFO o.a.j.t.JMeterThread: Thread started: Users 1-50
2020-07-24 12:36:43,694 INFO o.a.j.t.JMeterThread: Thread is done: Users 1-14
2020-07-24 12:36:43,695 INFO o.a.j.t.JMeterThread: Thread finished: Users 1-14
2020-07-24 12:36:43,702 INFO o.a.j.t.JMeterThread: Thread is done: Users 1-13
2020-07-24 12:36:43,702 INFO o.a.j.t.JMeterThread: Thread finished: Users 1-13
2020-07-24 12:36:43,710 INFO o.a.j.t.JMeterThread: Thread is done: Users 1-4
2020-07-24 12:36:43,710 INFO o.a.j.t.JMeterThread: Thread finished: Users 1-4
2020-07-24 12:36:43,717 INFO o.a.j.t.JMeterThread: Thread is done: Users 1-2
2020-07-24 12:36:43,717 INFO o.a.j.t.JMeterThread: Thread finished: Users 1-2
2020-07-24 12:36:43,729 INFO o.a.j.t.JMeterThread: Thread is done: Users 1-9
2020-07-24 12:36:43,729 INFO o.a.j.t.JMeterThread: Thread finished: Users 1-9
2020-07-24 12:36:43,733 INFO o.a.j.t.JMeterThread: Thread started: Users 1-51
2020-07-24 12:36:43,781 INFO o.a.j.t.JMeterThread: Thread started: Users 1-52
2020-07-24 12:36:43,797 INFO o.a.j.t.JMeterThread: Thread is done: Users 1-1
2020-07-24 12:36:43,798 INFO o.a.j.t.JMeterThread: Thread finished: Users 1-1
2020-07-24 12:36:43,831 INFO o.a.j.t.JMeterThread: Thread started: Users 1-53
2020-07-24 12:36:43,859 INFO o.a.j.t.JMeterThread: Thread is done: Users 1-21
2020-07-24 12:36:43,860 INFO o.a.j.t.JMeterThread: Thread finished: Users 1-21
2020-07-24 12:36:43,887 INFO o.a.j.t.JMeterThread: Thread started: Users 1-54
2020-07-24 12:36:43,896 INFO o.a.j.t.JMeterThread: Thread is done: Users 1-20
2020-07-24 12:36:43,896 INFO o.a.j.t.JMeterThread: Thread finished: Users 1-20
2020-07-24 12:36:43,931 INFO o.a.j.t.JMeterThread: Thread started: Users 1-55
2020-07-24 12:36:43,963 INFO o.a.j.t.JMeterThread: Thread is done: Users 1-6
2020-07-24 12:36:43,963 INFO o.a.j.t.JMeterThread: Thread finished: Users 1-6
2020-07-24 12:36:43,971 INFO o.a.j.t.JMeterThread: Thread is done: Users 1-5
2020-07-24 12:36:43,971 INFO o.a.j.t.JMeterThread: Thread finished: Users 1-5
2020-07-24 12:36:43,980 INFO o.a.j.t.JMeterThread: Thread is done: Users 1-8
2020-07-24 12:36:43,980 INFO o.a.j.t.JMeterThread: Thread finished: Users 1-8
2020-07-24 12:36:43,983 INFO o.a.j.t.JMeterThread: Thread started: Users 1-56
2020-07-24 12:36:43,997 INFO o.a.j.t.JMeterThread: Thread is done: Users 1-3
2020-07-24 12:36:43,997 INFO o.a.j.t.JMeterThread: Thread finished: Users 1-3
2020-07-24 12:36:44,030 INFO o.a.j.t.JMeterThread: Thread started: Users 1-57
2020-07-24 12:36:44,035 INFO o.a.j.t.JMeterThread: Thread is done: Users 1-12
2020-07-24 12:36:44,035 INFO o.a.j.t.JMeterThread: Thread finished: Users 1-12
2020-07-24 12:36:44,080 INFO o.a.j.t.JMeterThread: Thread started: Users 1-58
2020-07-24 12:36:44,126 INFO o.a.j.t.JMeterThread: Thread is done: Users 1-23
2020-07-24 12:36:44,126 INFO o.a.j.t.JMeterThread: Thread finished: Users 1-23
2020-07-24 12:36:44,130 INFO o.a.j.t.JMeterThread: Thread started: Users 1-59
2020-07-24 12:36:44,180 INFO o.a.j.t.JMeterThread: Thread started: Users 1-60
2020-07-24 12:36:44,189 INFO o.a.j.t.JMeterThread: Thread is done: Users 1-15
2020-07-24 12:36:44,189 INFO o.a.j.t.JMeterThread: Thread finished: Users 1-15
2020-07-24 12:36:44,219 INFO o.a.j.t.JMeterThread: Thread is done: Users 1-7
2020-07-24 12:36:44,220 INFO o.a.j.t.JMeterThread: Thread finished: Users 1-7
2020-07-24 12:36:44,230 INFO o.a.j.t.JMeterThread: Thread started: Users 1-61
2020-07-24 12:36:44,279 INFO o.a.j.t.JMeterThread: Thread started: Users 1-62
2020-07-24 12:36:44,285 INFO o.a.j.t.JMeterThread: Thread is done: Users 1-25
2020-07-24 12:36:44,285 INFO o.a.j.t.JMeterThread: Thread finished: Users 1-25
2020-07-24 12:36:44,329 INFO o.a.j.t.JMeterThread: Thread started: Users 1-63
2020-07-24 12:36:44,359 INFO o.a.j.t.JMeterThread: Thread is done: Users 1-33
2020-07-24 12:36:44,359 INFO o.a.j.t.JMeterThread: Thread finished: Users 1-33
2020-07-24 12:36:44,378 INFO o.a.j.t.JMeterThread: Thread started: Users 1-64
2020-07-24 12:36:44,392 INFO o.a.j.t.JMeterThread: Thread is done: Users 1-17
2020-07-24 12:36:44,392 INFO o.a.j.t.JMeterThread: Thread finished: Users 1-17
2020-07-24 12:36:44,436 INFO o.a.j.t.JMeterThread: Thread started: Users 1-65
2020-07-24 12:36:44,441 INFO o.a.j.t.JMeterThread: Thread is done: Users 1-19
2020-07-24 12:36:44,441 INFO o.a.j.t.JMeterThread: Thread finished: Users 1-19
2020-07-24 12:36:44,498 INFO o.a.j.t.JMeterThread: Thread started: Users 1-66
2020-07-24 12:36:44,540 INFO o.a.j.t.JMeterThread: Thread started: Users 1-67
2020-07-24 12:36:44,560 INFO o.a.j.t.JMeterThread: Thread is done: Users 1-10
2020-07-24 12:36:44,560 INFO o.a.j.t.JMeterThread: Thread finished: Users 1-10
2020-07-24 12:36:44,573 INFO o.a.j.t.JMeterThread: Thread is done: Users 1-11
2020-07-24 12:36:44,573 INFO o.a.j.t.JMeterThread: Thread finished: Users 1-11
2020-07-24 12:36:44,587 INFO o.a.j.t.JMeterThread: Thread is done: Users 1-35
2020-07-24 12:36:44,587 INFO o.a.j.t.JMeterThread: Thread finished: Users 1-35
2020-07-24 12:36:44,592 INFO o.a.j.t.JMeterThread: Thread started: Users 1-68
2020-07-24 12:36:44,613 INFO o.a.j.t.JMeterThread: Thread is done: Users 1-36
2020-07-24 12:36:44,613 INFO o.a.j.t.JMeterThread: Thread finished: Users 1-36
2020-07-24 12:36:44,652 INFO o.a.j.t.JMeterThread: Thread is done: Users 1-38
2020-07-24 12:36:44,652 INFO o.a.j.t.JMeterThread: Thread finished: Users 1-38
2020-07-24 12:36:44,667 INFO o.a.j.t.JMeterThread: Thread started: Users 1-69
2020-07-24 12:36:44,674 INFO o.a.j.t.JMeterThread: Thread is done: Users 1-28
2020-07-24 12:36:44,674 INFO o.a.j.t.JMeterThread: Thread finished: Users 1-28
2020-07-24 12:36:44,676 INFO o.a.j.t.JMeterThread: Thread started: Users 1-70
2020-07-24 12:36:44,733 INFO o.a.j.t.JMeterThread: Thread started: Users 1-71
2020-07-24 12:36:44,760 INFO o.a.j.t.JMeterThread: Thread is done: Users 1-27
2020-07-24 12:36:44,760 INFO o.a.j.t.JMeterThread: Thread finished: Users 1-27
2020-07-24 12:36:44,774 INFO o.a.j.t.JMeterThread: Thread started: Users 1-72
2020-07-24 12:36:44,779 INFO o.a.j.t.JMeterThread: Thread is done: Users 1-22
2020-07-24 12:36:44,779 INFO o.a.j.t.JMeterThread: Thread finished: Users 1-22
2020-07-24 12:36:44,824 INFO o.a.j.t.JMeterThread: Thread started: Users 1-73
2020-07-24 12:36:44,849 INFO o.a.j.t.JMeterThread: Thread is done: Users 1-45
2020-07-24 12:36:44,849 INFO o.a.j.t.JMeterThread: Thread finished: Users 1-45
2020-07-24 12:36:44,875 INFO o.a.j.t.JMeterThread: Thread is done: Users 1-32
2020-07-24 12:36:44,875 INFO o.a.j.t.JMeterThread: Thread finished: Users 1-32
2020-07-24 12:36:44,881 INFO o.a.j.t.JMeterThread: Thread started: Users 1-74
2020-07-24 12:36:44,924 INFO o.a.j.t.JMeterThread: Thread started: Users 1-75
2020-07-24 12:36:44,945 INFO o.a.j.t.JMeterThread: Thread is done: Users 1-29
2020-07-24 12:36:44,945 INFO o.a.j.t.JMeterThread: Thread finished: Users 1-29
2020-07-24 12:36:44,973 INFO o.a.j.t.JMeterThread: Thread started: Users 1-76
2020-07-24 12:36:45,025 INFO o.a.j.t.JMeterThread: Thread started: Users 1-77
2020-07-24 12:36:45,043 INFO o.a.j.t.JMeterThread: Thread is done: Users 1-34
2020-07-24 12:36:45,043 INFO o.a.j.t.JMeterThread: Thread finished: Users 1-34
2020-07-24 12:36:45,074 INFO o.a.j.t.JMeterThread: Thread started: Users 1-78
2020-07-24 12:36:45,087 INFO o.a.j.t.JMeterThread: Thread is done: Users 1-44
2020-07-24 12:36:45,087 INFO o.a.j.t.JMeterThread: Thread finished: Users 1-44
2020-07-24 12:36:45,123 INFO o.a.j.t.JMeterThread: Thread started: Users 1-79
2020-07-24 12:36:45,157 INFO o.a.j.t.JMeterThread: Thread is done: Users 1-42
2020-07-24 12:36:45,157 INFO o.a.j.t.JMeterThread: Thread finished: Users 1-42
2020-07-24 12:36:45,178 INFO o.a.j.t.JMeterThread: Thread is done: Users 1-24
2020-07-24 12:36:45,178 INFO o.a.j.t.JMeterThread: Thread finished: Users 1-24
2020-07-24 12:36:45,183 INFO o.a.j.t.JMeterThread: Thread started: Users 1-80
2020-07-24 12:36:45,202 INFO o.a.j.t.JMeterThread: Thread is done: Users 1-26
2020-07-24 12:36:45,202 INFO o.a.j.t.JMeterThread: Thread finished: Users 1-26
2020-07-24 12:36:45,222 INFO o.a.j.t.JMeterThread: Thread started: Users 1-81
2020-07-24 12:36:45,223 INFO o.a.j.t.JMeterThread: Thread is done: Users 1-40
2020-07-24 12:36:45,223 INFO o.a.j.t.JMeterThread: Thread finished: Users 1-40
2020-07-24 12:36:45,228 INFO o.a.j.t.JMeterThread: Thread is done: Users 1-41
2020-07-24 12:36:45,228 INFO o.a.j.t.JMeterThread: Thread finished: Users 1-41
2020-07-24 12:36:45,235 INFO o.a.j.t.JMeterThread: Thread is done: Users 1-57
2020-07-24 12:36:45,235 INFO o.a.j.t.JMeterThread: Thread finished: Users 1-57
2020-07-24 12:36:45,266 INFO o.a.j.t.JMeterThread: Thread is done: Users 1-18
2020-07-24 12:36:45,266 INFO o.a.j.t.JMeterThread: Thread finished: Users 1-18
2020-07-24 12:36:45,277 INFO o.a.j.t.JMeterThread: Thread is done: Users 1-31
2020-07-24 12:36:45,277 INFO o.a.j.t.JMeterThread: Thread finished: Users 1-31
2020-07-24 12:36:45,294 INFO o.a.j.t.JMeterThread: Thread started: Users 1-82
2020-07-24 12:36:45,305 INFO o.a.j.t.JMeterThread: Thread is done: Users 1-52
2020-07-24 12:36:45,306 INFO o.a.j.t.JMeterThread: Thread finished: Users 1-52
2020-07-24 12:36:45,323 INFO o.a.j.t.JMeterThread: Thread is done: Users 1-54
2020-07-24 12:36:45,323 INFO o.a.j.t.JMeterThread: Thread finished: Users 1-54
2020-07-24 12:36:45,325 INFO o.a.j.t.JMeterThread: Thread started: Users 1-83
2020-07-24 12:36:45,367 INFO o.a.j.t.JMeterThread: Thread is done: Users 1-30
2020-07-24 12:36:45,370 INFO o.a.j.t.JMeterThread: Thread finished: Users 1-30
2020-07-24 12:36:45,374 INFO o.a.j.t.JMeterThread: Thread started: Users 1-84
2020-07-24 12:36:45,413 INFO o.a.j.t.JMeterThread: Thread is done: Users 1-63
2020-07-24 12:36:45,413 INFO o.a.j.t.JMeterThread: Thread finished: Users 1-63
2020-07-24 12:36:45,422 INFO o.a.j.t.JMeterThread: Thread started: Users 1-85
2020-07-24 12:36:45,440 INFO o.a.j.t.JMeterThread: Thread is done: Users 1-37
2020-07-24 12:36:45,441 INFO o.a.j.t.JMeterThread: Thread finished: Users 1-37
2020-07-24 12:36:45,470 INFO o.a.j.t.JMeterThread: Thread started: Users 1-86
2020-07-24 12:36:45,486 INFO o.a.j.t.JMeterThread: Thread is done: Users 1-66
2020-07-24 12:36:45,486 INFO o.a.j.t.JMeterThread: Thread finished: Users 1-66
2020-07-24 12:36:45,488 INFO o.a.j.t.JMeterThread: Thread is done: Users 1-65
2020-07-24 12:36:45,488 INFO o.a.j.t.JMeterThread: Thread finished: Users 1-65
2020-07-24 12:36:45,500 INFO o.a.j.t.JMeterThread: Thread is done: Users 1-67
2020-07-24 12:36:45,500 INFO o.a.j.t.JMeterThread: Thread finished: Users 1-67
2020-07-24 12:36:45,523 INFO o.a.j.t.JMeterThread: Thread started: Users 1-87
2020-07-24 12:36:45,529 INFO o.a.j.t.JMeterThread: Thread is done: Users 1-39
2020-07-24 12:36:45,529 INFO o.a.j.t.JMeterThread: Thread finished: Users 1-39
2020-07-24 12:36:45,537 INFO o.a.j.t.JMeterThread: Thread is done: Users 1-64
2020-07-24 12:36:45,538 INFO o.a.j.t.JMeterThread: Thread finished: Users 1-64
2020-07-24 12:36:45,542 INFO o.a.j.t.JMeterThread: Thread is done: Users 1-43
2020-07-24 12:36:45,542 INFO o.a.j.t.JMeterThread: Thread finished: Users 1-43
2020-07-24 12:36:45,570 INFO o.a.j.t.JMeterThread: Thread started: Users 1-88
2020-07-24 12:36:45,620 INFO o.a.j.t.JMeterThread: Thread started: Users 1-89
2020-07-24 12:36:45,644 INFO o.a.j.t.JMeterThread: Thread is done: Users 1-60
2020-07-24 12:36:45,644 INFO o.a.j.t.JMeterThread: Thread finished: Users 1-60
2020-07-24 12:36:45,649 INFO o.a.j.t.JMeterThread: Thread is done: Users 1-46
2020-07-24 12:36:45,649 INFO o.a.j.t.JMeterThread: Thread finished: Users 1-46
2020-07-24 12:36:45,663 INFO o.a.j.t.JMeterThread: Thread is done: Users 1-61
2020-07-24 12:36:45,663 INFO o.a.j.t.JMeterThread: Thread finished: Users 1-61
2020-07-24 12:36:45,670 INFO o.a.j.t.JMeterThread: Thread is done: Users 1-58
2020-07-24 12:36:45,670 INFO o.a.j.t.JMeterThread: Thread finished: Users 1-58
2020-07-24 12:36:45,672 INFO o.a.j.t.JMeterThread: Thread started: Users 1-90
2020-07-24 12:36:45,691 INFO o.a.j.t.JMeterThread: Thread is done: Users 1-47
2020-07-24 12:36:45,692 INFO o.a.j.t.JMeterThread: Thread finished: Users 1-47
2020-07-24 12:36:45,697 INFO o.a.j.t.JMeterThread: Thread is done: Users 1-48
2020-07-24 12:36:45,697 INFO o.a.j.t.JMeterThread: Thread finished: Users 1-48
2020-07-24 12:36:45,719 INFO o.a.j.t.JMeterThread: Thread started: Users 1-91
2020-07-24 12:36:45,737 INFO o.a.j.t.JMeterThread: Thread is done: Users 1-56
2020-07-24 12:36:45,737 INFO o.a.j.t.JMeterThread: Thread finished: Users 1-56
2020-07-24 12:36:45,767 INFO o.a.j.t.JMeterThread: Thread started: Users 1-92
2020-07-24 12:36:45,804 INFO o.a.j.t.JMeterThread: Thread is done: Users 1-55
2020-07-24 12:36:45,805 INFO o.a.j.t.JMeterThread: Thread finished: Users 1-55
2020-07-24 12:36:45,813 INFO o.a.j.t.JMeterThread: Thread is done: Users 1-53
2020-07-24 12:36:45,813 INFO o.a.j.t.JMeterThread: Thread finished: Users 1-53
2020-07-24 12:36:45,818 INFO o.a.j.t.JMeterThread: Thread started: Users 1-93
2020-07-24 12:36:45,866 INFO o.a.j.t.JMeterThread: Thread started: Users 1-94
2020-07-24 12:36:45,917 INFO o.a.j.t.JMeterThread: Thread started: Users 1-95
2020-07-24 12:36:45,928 INFO o.a.j.t.JMeterThread: Thread is done: Users 1-69
2020-07-24 12:36:45,928 INFO o.a.j.t.JMeterThread: Thread finished: Users 1-69
2020-07-24 12:36:45,931 INFO o.a.j.t.JMeterThread: Thread is done: Users 1-76
2020-07-24 12:36:45,932 INFO o.a.j.t.JMeterThread: Thread finished: Users 1-76
2020-07-24 12:36:45,964 INFO o.a.j.t.JMeterThread: Thread started: Users 1-96
2020-07-24 12:36:46,011 INFO o.a.j.t.JMeterThread: Thread is done: Users 1-70
2020-07-24 12:36:46,011 INFO o.a.j.t.JMeterThread: Thread finished: Users 1-70
2020-07-24 12:36:46,014 INFO o.a.j.t.JMeterThread: Thread started: Users 1-97
2020-07-24 12:36:46,045 INFO o.a.j.t.JMeterThread: Thread is done: Users 1-62
2020-07-24 12:36:46,045 INFO o.a.j.t.JMeterThread: Thread finished: Users 1-62
2020-07-24 12:36:46,065 INFO o.a.j.t.JMeterThread: Thread started: Users 1-98
2020-07-24 12:36:46,087 INFO o.a.j.t.JMeterThread: Thread is done: Users 1-73
2020-07-24 12:36:46,087 INFO o.a.j.t.JMeterThread: Thread finished: Users 1-73
2020-07-24 12:36:46,134 INFO o.a.j.t.JMeterThread: Thread started: Users 1-99
2020-07-24 12:36:46,160 INFO o.a.j.t.JMeterThread: Thread started: Users 1-100
2020-07-24 12:36:46,192 INFO o.a.j.t.JMeterThread: Thread is done: Users 1-77
2020-07-24 12:36:46,192 INFO o.a.j.t.JMeterThread: Thread finished: Users 1-77
2020-07-24 12:36:46,267 INFO o.a.j.t.JMeterThread: Thread is done: Users 1-79
2020-07-24 12:36:46,267 INFO o.a.j.t.JMeterThread: Thread finished: Users 1-79
2020-07-24 12:36:46,298 INFO o.a.j.t.JMeterThread: Thread is done: Users 1-81
2020-07-24 12:36:46,298 INFO o.a.j.t.JMeterThread: Thread finished: Users 1-81
2020-07-24 12:36:46,325 INFO o.a.j.t.JMeterThread: Thread is done: Users 1-83
2020-07-24 12:36:46,325 INFO o.a.j.t.JMeterThread: Thread finished: Users 1-83
2020-07-24 12:36:46,325 INFO o.a.j.t.JMeterThread: Thread is done: Users 1-71
2020-07-24 12:36:46,325 INFO o.a.j.t.JMeterThread: Thread finished: Users 1-71
2020-07-24 12:36:46,341 INFO o.a.j.t.JMeterThread: Thread is done: Users 1-59
2020-07-24 12:36:46,341 INFO o.a.j.t.JMeterThread: Thread finished: Users 1-59
2020-07-24 12:36:46,387 INFO o.a.j.t.JMeterThread: Thread is done: Users 1-84
2020-07-24 12:36:46,387 INFO o.a.j.t.JMeterThread: Thread finished: Users 1-84
2020-07-24 12:36:46,403 INFO o.a.j.t.JMeterThread: Thread is done: Users 1-51
2020-07-24 12:36:46,403 INFO o.a.j.t.JMeterThread: Thread finished: Users 1-51
2020-07-24 12:36:46,403 INFO o.a.j.t.JMeterThread: Thread is done: Users 1-85
2020-07-24 12:36:46,403 INFO o.a.j.t.JMeterThread: Thread finished: Users 1-85
2020-07-24 12:36:46,410 INFO o.a.j.t.JMeterThread: Thread is done: Users 1-78
2020-07-24 12:36:46,410 INFO o.a.j.t.JMeterThread: Thread finished: Users 1-78
2020-07-24 12:36:46,425 INFO o.a.j.t.JMeterThread: Thread is done: Users 1-86
2020-07-24 12:36:46,425 INFO o.a.j.t.JMeterThread: Thread finished: Users 1-86
2020-07-24 12:36:46,488 INFO o.a.j.t.JMeterThread: Thread is done: Users 1-87
2020-07-24 12:36:46,488 INFO o.a.j.t.JMeterThread: Thread finished: Users 1-87
2020-07-24 12:36:46,488 INFO o.a.j.t.JMeterThread: Thread is done: Users 1-74
2020-07-24 12:36:46,488 INFO o.a.j.t.JMeterThread: Thread finished: Users 1-74
2020-07-24 12:36:46,572 INFO o.a.j.t.JMeterThread: Thread is done: Users 1-98
2020-07-24 12:36:46,572 INFO o.a.j.t.JMeterThread: Thread finished: Users 1-98
2020-07-24 12:36:46,593 INFO o.a.j.t.JMeterThread: Thread is done: Users 1-72
2020-07-24 12:36:46,593 INFO o.a.j.t.JMeterThread: Thread finished: Users 1-72
2020-07-24 12:36:46,625 INFO o.a.j.t.JMeterThread: Thread is done: Users 1-50
2020-07-24 12:36:46,625 INFO o.a.j.t.JMeterThread: Thread finished: Users 1-50
2020-07-24 12:36:46,741 INFO o.a.j.t.JMeterThread: Thread is done: Users 1-88
2020-07-24 12:36:46,741 INFO o.a.j.t.JMeterThread: Thread finished: Users 1-88
2020-07-24 12:36:46,757 INFO o.a.j.t.JMeterThread: Thread is done: Users 1-80
2020-07-24 12:36:46,757 INFO o.a.j.t.JMeterThread: Thread finished: Users 1-80
2020-07-24 12:36:46,773 INFO o.a.j.t.JMeterThread: Thread is done: Users 1-75
2020-07-24 12:36:46,773 INFO o.a.j.t.JMeterThread: Thread finished: Users 1-75
2020-07-24 12:36:46,788 INFO o.a.j.t.JMeterThread: Thread is done: Users 1-89
2020-07-24 12:36:46,788 INFO o.a.j.t.JMeterThread: Thread finished: Users 1-89
2020-07-24 12:36:46,788 INFO o.a.j.t.JMeterThread: Thread is done: Users 1-68
2020-07-24 12:36:46,788 INFO o.a.j.t.JMeterThread: Thread finished: Users 1-68
2020-07-24 12:36:46,826 INFO o.a.j.t.JMeterThread: Thread is done: Users 1-94
2020-07-24 12:36:46,826 INFO o.a.j.t.JMeterThread: Thread finished: Users 1-94
2020-07-24 12:36:46,926 INFO o.a.j.t.JMeterThread: Thread is done: Users 1-90
2020-07-24 12:36:46,926 INFO o.a.j.t.JMeterThread: Thread finished: Users 1-90
2020-07-24 12:36:46,973 INFO o.a.j.t.JMeterThread: Thread is done: Users 1-92
2020-07-24 12:36:46,973 INFO o.a.j.t.JMeterThread: Thread finished: Users 1-92
2020-07-24 12:36:46,989 INFO o.a.j.t.JMeterThread: Thread is done: Users 1-49
2020-07-24 12:36:46,989 INFO o.a.j.t.JMeterThread: Thread finished: Users 1-49
2020-07-24 12:36:47,111 INFO o.a.j.t.JMeterThread: Thread is done: Users 1-95
2020-07-24 12:36:47,111 INFO o.a.j.t.JMeterThread: Thread finished: Users 1-95
2020-07-24 12:36:47,189 INFO o.a.j.t.JMeterThread: Thread is done: Users 1-97
2020-07-24 12:36:47,189 INFO o.a.j.t.JMeterThread: Thread finished: Users 1-97
2020-07-24 12:36:47,227 INFO o.a.j.t.JMeterThread: Thread is done: Users 1-96
2020-07-24 12:36:47,227 INFO o.a.j.t.JMeterThread: Thread finished: Users 1-96
2020-07-24 12:36:47,303 INFO o.a.j.t.JMeterThread: Thread is done: Users 1-99
2020-07-24 12:36:47,303 INFO o.a.j.t.JMeterThread: Thread finished: Users 1-99
2020-07-24 12:36:47,316 INFO o.a.j.t.JMeterThread: Thread is done: Users 1-100
2020-07-24 12:36:47,316 INFO o.a.j.t.JMeterThread: Thread finished: Users 1-100
2020-07-24 12:36:47,561 INFO o.a.j.t.JMeterThread: Thread is done: Users 1-93
2020-07-24 12:36:47,561 INFO o.a.j.t.JMeterThread: Thread finished: Users 1-93
2020-07-24 12:36:47,745 INFO o.a.j.t.JMeterThread: Thread is done: Users 1-82
2020-07-24 12:36:47,745 INFO o.a.j.t.JMeterThread: Thread finished: Users 1-82
2020-07-24 12:36:48,651 INFO o.a.j.t.JMeterThread: Thread is done: Users 1-91
2020-07-24 12:36:48,651 INFO o.a.j.t.JMeterThread: Thread finished: Users 1-91
2020-07-24 12:36:48,652 INFO o.a.j.e.StandardJMeterEngine: Notifying test listeners of end of test
2020-07-24 12:36:48,653 INFO o.a.j.g.u.JMeterMenuBar: setRunning(false, *local*)
2020-07-24 12:37:03,922 INFO o.a.j.e.StandardJMeterEngine: Running the test!
2020-07-24 12:37:03,922 INFO o.a.j.s.SampleEvent: List of sample_variables: []
2020-07-24 12:37:03,927 INFO o.a.j.g.u.JMeterMenuBar: setRunning(true, *local*)
2020-07-24 12:37:04,179 INFO o.a.j.e.StandardJMeterEngine: Starting ThreadGroup: 1 : Users
2020-07-24 12:37:04,179 INFO o.a.j.e.StandardJMeterEngine: Starting 100 threads for group Users.
2020-07-24 12:37:04,179 INFO o.a.j.e.StandardJMeterEngine: Thread will continue on error
2020-07-24 12:37:04,179 INFO o.a.j.t.ThreadGroup: Starting thread group... number=1 threads=100 ramp-up=5 delayedStart=false
2020-07-24 12:37:04,208 INFO o.a.j.t.ThreadGroup: Started thread group number 1
2020-07-24 12:37:04,208 INFO o.a.j.e.StandardJMeterEngine: All thread groups have been started
2020-07-24 12:37:04,232 INFO o.a.j.t.JMeterThread: Thread started: Users 1-1
2020-07-24 12:37:04,288 INFO o.a.j.t.JMeterThread: Thread started: Users 1-2
2020-07-24 12:37:04,339 INFO o.a.j.t.JMeterThread: Thread started: Users 1-3
2020-07-24 12:37:04,389 INFO o.a.j.t.JMeterThread: Thread started: Users 1-4
2020-07-24 12:37:04,439 INFO o.a.j.t.JMeterThread: Thread started: Users 1-5
2020-07-24 12:37:04,489 INFO o.a.j.t.JMeterThread: Thread started: Users 1-6
2020-07-24 12:37:04,539 INFO o.a.j.t.JMeterThread: Thread started: Users 1-7
2020-07-24 12:37:04,589 INFO o.a.j.t.JMeterThread: Thread started: Users 1-8
2020-07-24 12:37:04,639 INFO o.a.j.t.JMeterThread: Thread started: Users 1-9
2020-07-24 12:37:04,689 INFO o.a.j.t.JMeterThread: Thread started: Users 1-10
2020-07-24 12:37:04,738 INFO o.a.j.t.JMeterThread: Thread started: Users 1-11
2020-07-24 12:37:04,789 INFO o.a.j.t.JMeterThread: Thread started: Users 1-12
2020-07-24 12:37:04,839 INFO o.a.j.t.JMeterThread: Thread started: Users 1-13
2020-07-24 12:37:04,888 INFO o.a.j.t.JMeterThread: Thread started: Users 1-14
2020-07-24 12:37:04,943 INFO o.a.j.t.JMeterThread: Thread started: Users 1-15
2020-07-24 12:37:04,993 INFO o.a.j.t.JMeterThread: Thread started: Users 1-16
2020-07-24 12:37:05,044 INFO o.a.j.t.JMeterThread: Thread started: Users 1-17
2020-07-24 12:37:05,094 INFO o.a.j.t.JMeterThread: Thread started: Users 1-18
2020-07-24 12:37:05,144 INFO o.a.j.t.JMeterThread: Thread started: Users 1-19
2020-07-24 12:37:05,193 INFO o.a.j.t.JMeterThread: Thread started: Users 1-20
2020-07-24 12:37:05,244 INFO o.a.j.t.JMeterThread: Thread started: Users 1-21
2020-07-24 12:37:05,294 INFO o.a.j.t.JMeterThread: Thread started: Users 1-22
2020-07-24 12:37:05,344 INFO o.a.j.t.JMeterThread: Thread started: Users 1-23
2020-07-24 12:37:05,393 INFO o.a.j.t.JMeterThread: Thread started: Users 1-24
2020-07-24 12:37:05,443 INFO o.a.j.t.JMeterThread: Thread started: Users 1-25
2020-07-24 12:37:05,493 INFO o.a.j.t.JMeterThread: Thread started: Users 1-26
2020-07-24 12:37:05,543 INFO o.a.j.t.JMeterThread: Thread started: Users 1-27
2020-07-24 12:37:05,593 INFO o.a.j.t.JMeterThread: Thread started: Users 1-28
2020-07-24 12:37:05,644 INFO o.a.j.t.JMeterThread: Thread started: Users 1-29
2020-07-24 12:37:05,692 INFO o.a.j.t.JMeterThread: Thread started: Users 1-30
2020-07-24 12:37:05,741 INFO o.a.j.t.JMeterThread: Thread started: Users 1-31
2020-07-24 12:37:05,790 INFO o.a.j.t.JMeterThread: Thread started: Users 1-32
2020-07-24 12:37:05,841 INFO o.a.j.t.JMeterThread: Thread started: Users 1-33
2020-07-24 12:37:05,881 INFO o.a.j.t.JMeterThread: Thread is done: Users 1-1
2020-07-24 12:37:05,881 INFO o.a.j.t.JMeterThread: Thread finished: Users 1-1
2020-07-24 12:37:05,889 INFO o.a.j.t.JMeterThread: Thread started: Users 1-34
2020-07-24 12:37:05,940 INFO o.a.j.t.JMeterThread: Thread started: Users 1-35
2020-07-24 12:37:05,990 INFO o.a.j.t.JMeterThread: Thread started: Users 1-36
2020-07-24 12:37:06,008 INFO o.a.j.t.JMeterThread: Thread is done: Users 1-4
2020-07-24 12:37:06,008 INFO o.a.j.t.JMeterThread: Thread finished: Users 1-4
2020-07-24 12:37:06,034 INFO o.a.j.t.JMeterThread: Thread is done: Users 1-3
2020-07-24 12:37:06,034 INFO o.a.j.t.JMeterThread: Thread finished: Users 1-3
2020-07-24 12:37:06,041 INFO o.a.j.t.JMeterThread: Thread started: Users 1-37
2020-07-24 12:37:06,093 INFO o.a.j.t.JMeterThread: Thread started: Users 1-38
2020-07-24 12:37:06,110 INFO o.a.j.t.JMeterThread: Thread is done: Users 1-7
2020-07-24 12:37:06,111 INFO o.a.j.t.JMeterThread: Thread finished: Users 1-7
2020-07-24 12:37:06,141 INFO o.a.j.t.JMeterThread: Thread started: Users 1-39
2020-07-24 12:37:06,161 INFO o.a.j.t.JMeterThread: Thread is done: Users 1-8
2020-07-24 12:37:06,161 INFO o.a.j.t.JMeterThread: Thread finished: Users 1-8
2020-07-24 12:37:06,197 INFO o.a.j.t.JMeterThread: Thread started: Users 1-40
2020-07-24 12:37:06,240 INFO o.a.j.t.JMeterThread: Thread started: Users 1-41
2020-07-24 12:37:06,249 INFO o.a.j.t.JMeterThread: Thread is done: Users 1-10
2020-07-24 12:37:06,249 INFO o.a.j.t.JMeterThread: Thread finished: Users 1-10
2020-07-24 12:37:06,291 INFO o.a.j.t.JMeterThread: Thread started: Users 1-42
2020-07-24 12:37:06,339 INFO o.a.j.t.JMeterThread: Thread started: Users 1-43
2020-07-24 12:37:06,350 INFO o.a.j.t.JMeterThread: Thread is done: Users 1-12
2020-07-24 12:37:06,350 INFO o.a.j.t.JMeterThread: Thread finished: Users 1-12
2020-07-24 12:37:06,389 INFO o.a.j.t.JMeterThread: Thread started: Users 1-44
2020-07-24 12:37:06,439 INFO o.a.j.t.JMeterThread: Thread started: Users 1-45
2020-07-24 12:37:06,445 INFO o.a.j.t.JMeterThread: Thread is done: Users 1-2
2020-07-24 12:37:06,445 INFO o.a.j.t.JMeterThread: Thread finished: Users 1-2
2020-07-24 12:37:06,485 INFO o.a.j.t.JMeterThread: Thread is done: Users 1-13
2020-07-24 12:37:06,485 INFO o.a.j.t.JMeterThread: Thread finished: Users 1-13
2020-07-24 12:37:06,488 INFO o.a.j.t.JMeterThread: Thread started: Users 1-46
2020-07-24 12:37:06,527 INFO o.a.j.t.JMeterThread: Thread is done: Users 1-15
2020-07-24 12:37:06,527 INFO o.a.j.t.JMeterThread: Thread finished: Users 1-15
2020-07-24 12:37:06,537 INFO o.a.j.t.JMeterThread: Thread started: Users 1-47
2020-07-24 12:37:06,588 INFO o.a.j.t.JMeterThread: Thread started: Users 1-48
2020-07-24 12:37:06,638 INFO o.a.j.t.JMeterThread: Thread started: Users 1-49
2020-07-24 12:37:06,658 INFO o.a.j.t.JMeterThread: Thread is done: Users 1-5
2020-07-24 12:37:06,658 INFO o.a.j.t.JMeterThread: Thread finished: Users 1-5
2020-07-24 12:37:06,688 INFO o.a.j.t.JMeterThread: Thread started: Users 1-50
2020-07-24 12:37:06,715 INFO o.a.j.t.JMeterThread: Thread is done: Users 1-21
2020-07-24 12:37:06,716 INFO o.a.j.t.JMeterThread: Thread finished: Users 1-21
2020-07-24 12:37:06,728 INFO o.a.j.t.JMeterThread: Thread is done: Users 1-19
2020-07-24 12:37:06,728 INFO o.a.j.t.JMeterThread: Thread finished: Users 1-19
2020-07-24 12:37:06,736 INFO o.a.j.t.JMeterThread: Thread is done: Users 1-6
2020-07-24 12:37:06,736 INFO o.a.j.t.JMeterThread: Thread finished: Users 1-6
2020-07-24 12:37:06,738 INFO o.a.j.t.JMeterThread: Thread started: Users 1-51
2020-07-24 12:37:06,750 INFO o.a.j.t.JMeterThread: Thread is done: Users 1-20
2020-07-24 12:37:06,750 INFO o.a.j.t.JMeterThread: Thread finished: Users 1-20
2020-07-24 12:37:06,752 INFO o.a.j.t.JMeterThread: Thread is done: Users 1-9
2020-07-24 12:37:06,752 INFO o.a.j.t.JMeterThread: Thread finished: Users 1-9
2020-07-24 12:37:06,788 INFO o.a.j.t.JMeterThread: Thread started: Users 1-52
2020-07-24 12:37:06,839 INFO o.a.j.t.JMeterThread: Thread started: Users 1-53
2020-07-24 12:37:06,887 INFO o.a.j.t.JMeterThread: Thread started: Users 1-54
2020-07-24 12:37:06,907 INFO o.a.j.t.JMeterThread: Thread is done: Users 1-22
2020-07-24 12:37:06,907 INFO o.a.j.t.JMeterThread: Thread finished: Users 1-22
2020-07-24 12:37:06,926 INFO o.a.j.t.JMeterThread: Thread is done: Users 1-18
2020-07-24 12:37:06,926 INFO o.a.j.t.JMeterThread: Thread finished: Users 1-18
2020-07-24 12:37:06,937 INFO o.a.j.t.JMeterThread: Thread started: Users 1-55
2020-07-24 12:37:06,975 INFO o.a.j.t.JMeterThread: Thread is done: Users 1-11
2020-07-24 12:37:06,976 INFO o.a.j.t.JMeterThread: Thread finished: Users 1-11
2020-07-24 12:37:06,987 INFO o.a.j.t.JMeterThread: Thread started: Users 1-56
2020-07-24 12:37:06,988 INFO o.a.j.t.JMeterThread: Thread is done: Users 1-34
2020-07-24 12:37:06,988 INFO o.a.j.t.JMeterThread: Thread finished: Users 1-34
2020-07-24 12:37:06,991 INFO o.a.j.t.JMeterThread: Thread is done: Users 1-24
2020-07-24 12:37:06,991 INFO o.a.j.t.JMeterThread: Thread finished: Users 1-24
2020-07-24 12:37:06,994 INFO o.a.j.t.JMeterThread: Thread is done: Users 1-31
2020-07-24 12:37:06,994 INFO o.a.j.t.JMeterThread: Thread finished: Users 1-31
2020-07-24 12:37:07,003 INFO o.a.j.t.JMeterThread: Thread is done: Users 1-14
2020-07-24 12:37:07,003 INFO o.a.j.t.JMeterThread: Thread finished: Users 1-14
2020-07-24 12:37:07,021 INFO o.a.j.t.JMeterThread: Thread is done: Users 1-30
2020-07-24 12:37:07,021 INFO o.a.j.t.JMeterThread: Thread finished: Users 1-30
2020-07-24 12:37:07,039 INFO o.a.j.t.JMeterThread: Thread started: Users 1-57
2020-07-24 12:37:07,089 INFO o.a.j.t.JMeterThread: Thread started: Users 1-58
2020-07-24 12:37:07,092 INFO o.a.j.t.JMeterThread: Thread is done: Users 1-28
2020-07-24 12:37:07,092 INFO o.a.j.t.JMeterThread: Thread finished: Users 1-28
2020-07-24 12:37:07,100 INFO o.a.j.t.JMeterThread: Thread is done: Users 1-36
2020-07-24 12:37:07,100 INFO o.a.j.t.JMeterThread: Thread finished: Users 1-36
2020-07-24 12:37:07,139 INFO o.a.j.t.JMeterThread: Thread started: Users 1-59
2020-07-24 12:37:07,151 INFO o.a.j.t.JMeterThread: Thread is done: Users 1-49
2020-07-24 12:37:07,152 INFO o.a.j.t.JMeterThread: Thread finished: Users 1-49
2020-07-24 12:37:07,164 INFO o.a.j.t.JMeterThread: Thread is done: Users 1-26
2020-07-24 12:37:07,164 INFO o.a.j.t.JMeterThread: Thread finished: Users 1-26
2020-07-24 12:37:07,182 INFO o.a.j.t.JMeterThread: Thread is done: Users 1-29
2020-07-24 12:37:07,182 INFO o.a.j.t.JMeterThread: Thread finished: Users 1-29
2020-07-24 12:37:07,186 INFO o.a.j.t.JMeterThread: Thread is done: Users 1-23
2020-07-24 12:37:07,186 INFO o.a.j.t.JMeterThread: Thread finished: Users 1-23
2020-07-24 12:37:07,189 INFO o.a.j.t.JMeterThread: Thread started: Users 1-60
2020-07-24 12:37:07,196 INFO o.a.j.t.JMeterThread: Thread is done: Users 1-25
2020-07-24 12:37:07,196 INFO o.a.j.t.JMeterThread: Thread finished: Users 1-25
2020-07-24 12:37:07,199 INFO o.a.j.t.JMeterThread: Thread is done: Users 1-39
2020-07-24 12:37:07,199 INFO o.a.j.t.JMeterThread: Thread finished: Users 1-39
2020-07-24 12:37:07,213 INFO o.a.j.t.JMeterThread: Thread is done: Users 1-37
2020-07-24 12:37:07,213 INFO o.a.j.t.JMeterThread: Thread finished: Users 1-37
2020-07-24 12:37:07,215 INFO o.a.j.t.JMeterThread: Thread is done: Users 1-17
2020-07-24 12:37:07,215 INFO o.a.j.t.JMeterThread: Thread finished: Users 1-17
2020-07-24 12:37:07,237 INFO o.a.j.t.JMeterThread: Thread started: Users 1-61
2020-07-24 12:37:07,272 INFO o.a.j.t.JMeterThread: Thread is done: Users 1-32
2020-07-24 12:37:07,272 INFO o.a.j.t.JMeterThread: Thread finished: Users 1-32
2020-07-24 12:37:07,289 INFO o.a.j.t.JMeterThread: Thread started: Users 1-62
2020-07-24 12:37:07,332 INFO o.a.j.t.JMeterThread: Thread is done: Users 1-35
2020-07-24 12:37:07,332 INFO o.a.j.t.JMeterThread: Thread finished: Users 1-35
2020-07-24 12:37:07,338 INFO o.a.j.t.JMeterThread: Thread started: Users 1-63
2020-07-24 12:37:07,351 INFO o.a.j.t.JMeterThread: Thread is done: Users 1-53
2020-07-24 12:37:07,351 INFO o.a.j.t.JMeterThread: Thread finished: Users 1-53
2020-07-24 12:37:07,365 INFO o.a.j.t.JMeterThread: Thread is done: Users 1-16
2020-07-24 12:37:07,365 INFO o.a.j.t.JMeterThread: Thread finished: Users 1-16
2020-07-24 12:37:07,365 INFO o.a.j.t.JMeterThread: Thread is done: Users 1-42
2020-07-24 12:37:07,365 INFO o.a.j.t.JMeterThread: Thread finished: Users 1-42
2020-07-24 12:37:07,388 INFO o.a.j.t.JMeterThread: Thread started: Users 1-64
2020-07-24 12:37:07,438 INFO o.a.j.t.JMeterThread: Thread started: Users 1-65
2020-07-24 12:37:07,461 INFO o.a.j.t.JMeterThread: Thread is done: Users 1-44
2020-07-24 12:37:07,461 INFO o.a.j.t.JMeterThread: Thread finished: Users 1-44
2020-07-24 12:37:07,488 INFO o.a.j.t.JMeterThread: Thread started: Users 1-66
2020-07-24 12:37:07,493 INFO o.a.j.t.JMeterThread: Thread is done: Users 1-45
2020-07-24 12:37:07,493 INFO o.a.j.t.JMeterThread: Thread finished: Users 1-45
2020-07-24 12:37:07,509 INFO o.a.j.t.JMeterThread: Thread is done: Users 1-43
2020-07-24 12:37:07,509 INFO o.a.j.t.JMeterThread: Thread finished: Users 1-43
2020-07-24 12:37:07,539 INFO o.a.j.t.JMeterThread: Thread started: Users 1-67
2020-07-24 12:37:07,585 INFO o.a.j.t.JMeterThread: Thread is done: Users 1-47
2020-07-24 12:37:07,585 INFO o.a.j.t.JMeterThread: Thread is done: Users 1-33
2020-07-24 12:37:07,585 INFO o.a.j.t.JMeterThread: Thread finished: Users 1-47
2020-07-24 12:37:07,585 INFO o.a.j.t.JMeterThread: Thread finished: Users 1-33
2020-07-24 12:37:07,589 INFO o.a.j.t.JMeterThread: Thread started: Users 1-68
2020-07-24 12:37:07,629 INFO o.a.j.t.JMeterThread: Thread is done: Users 1-48
2020-07-24 12:37:07,630 INFO o.a.j.t.JMeterThread: Thread finished: Users 1-48
2020-07-24 12:37:07,639 INFO o.a.j.t.JMeterThread: Thread started: Users 1-69
2020-07-24 12:37:07,651 INFO o.a.j.t.JMeterThread: Thread is done: Users 1-50
2020-07-24 12:37:07,651 INFO o.a.j.t.JMeterThread: Thread finished: Users 1-50
2020-07-24 12:37:07,688 INFO o.a.j.t.JMeterThread: Thread is done: Users 1-51
2020-07-24 12:37:07,688 INFO o.a.j.t.JMeterThread: Thread finished: Users 1-51
2020-07-24 12:37:07,688 INFO o.a.j.t.JMeterThread: Thread started: Users 1-70
2020-07-24 12:37:07,716 INFO o.a.j.t.JMeterThread: Thread is done: Users 1-27
2020-07-24 12:37:07,716 INFO o.a.j.t.JMeterThread: Thread finished: Users 1-27
2020-07-24 12:37:07,738 INFO o.a.j.t.JMeterThread: Thread started: Users 1-71
2020-07-24 12:37:07,762 INFO o.a.j.t.JMeterThread: Thread is done: Users 1-52
2020-07-24 12:37:07,763 INFO o.a.j.t.JMeterThread: Thread finished: Users 1-52
2020-07-24 12:37:07,789 INFO o.a.j.t.JMeterThread: Thread started: Users 1-72
2020-07-24 12:37:07,807 INFO o.a.j.t.JMeterThread: Thread is done: Users 1-38
2020-07-24 12:37:07,807 INFO o.a.j.t.JMeterThread: Thread finished: Users 1-38
2020-07-24 12:37:07,839 INFO o.a.j.t.JMeterThread: Thread started: Users 1-73
2020-07-24 12:37:07,858 INFO o.a.j.t.JMeterThread: Thread is done: Users 1-54
2020-07-24 12:37:07,858 INFO o.a.j.t.JMeterThread: Thread finished: Users 1-54
2020-07-24 12:37:07,889 INFO o.a.j.t.JMeterThread: Thread started: Users 1-74
2020-07-24 12:37:07,899 INFO o.a.j.t.JMeterThread: Thread is done: Users 1-55
2020-07-24 12:37:07,899 INFO o.a.j.t.JMeterThread: Thread finished: Users 1-55
2020-07-24 12:37:07,939 INFO o.a.j.t.JMeterThread: Thread started: Users 1-75
2020-07-24 12:37:07,948 INFO o.a.j.t.JMeterThread: Thread is done: Users 1-56
2020-07-24 12:37:07,948 INFO o.a.j.t.JMeterThread: Thread finished: Users 1-56
2020-07-24 12:37:07,987 INFO o.a.j.t.JMeterThread: Thread is done: Users 1-57
2020-07-24 12:37:07,987 INFO o.a.j.t.JMeterThread: Thread finished: Users 1-57
2020-07-24 12:37:07,988 INFO o.a.j.t.JMeterThread: Thread started: Users 1-76
2020-07-24 12:37:07,989 INFO o.a.j.t.JMeterThread: Thread is done: Users 1-41
2020-07-24 12:37:07,989 INFO o.a.j.t.JMeterThread: Thread finished: Users 1-41
2020-07-24 12:37:08,039 INFO o.a.j.t.JMeterThread: Thread started: Users 1-77
2020-07-24 12:37:08,044 INFO o.a.j.t.JMeterThread: Thread is done: Users 1-58
2020-07-24 12:37:08,044 INFO o.a.j.t.JMeterThread: Thread finished: Users 1-58
2020-07-24 12:37:08,089 INFO o.a.j.t.JMeterThread: Thread started: Users 1-78
2020-07-24 12:37:08,099 INFO o.a.j.t.JMeterThread: Thread is done: Users 1-59
2020-07-24 12:37:08,099 INFO o.a.j.t.JMeterThread: Thread finished: Users 1-59
2020-07-24 12:37:08,139 INFO o.a.j.t.JMeterThread: Thread started: Users 1-79
2020-07-24 12:37:08,163 INFO o.a.j.t.JMeterThread: Thread is done: Users 1-60
2020-07-24 12:37:08,163 INFO o.a.j.t.JMeterThread: Thread finished: Users 1-60
2020-07-24 12:37:08,188 INFO o.a.j.t.JMeterThread: Thread is done: Users 1-46
2020-07-24 12:37:08,188 INFO o.a.j.t.JMeterThread: Thread finished: Users 1-46
2020-07-24 12:37:08,189 INFO o.a.j.t.JMeterThread: Thread started: Users 1-80
2020-07-24 12:37:08,192 INFO o.a.j.t.JMeterThread: Thread is done: Users 1-61
2020-07-24 12:37:08,192 INFO o.a.j.t.JMeterThread: Thread finished: Users 1-61
2020-07-24 12:37:08,239 INFO o.a.j.t.JMeterThread: Thread started: Users 1-81
2020-07-24 12:37:08,290 INFO o.a.j.t.JMeterThread: Thread started: Users 1-82
2020-07-24 12:37:08,293 INFO o.a.j.t.JMeterThread: Thread is done: Users 1-63
2020-07-24 12:37:08,293 INFO o.a.j.t.JMeterThread: Thread finished: Users 1-63
2020-07-24 12:37:08,340 INFO o.a.j.t.JMeterThread: Thread started: Users 1-83
2020-07-24 12:37:08,341 INFO o.a.j.t.JMeterThread: Thread is done: Users 1-64
2020-07-24 12:37:08,341 INFO o.a.j.t.JMeterThread: Thread finished: Users 1-64
2020-07-24 12:37:08,387 INFO o.a.j.t.JMeterThread: Thread is done: Users 1-65
2020-07-24 12:37:08,387 INFO o.a.j.t.JMeterThread: Thread finished: Users 1-65
2020-07-24 12:37:08,387 INFO o.a.j.t.JMeterThread: Thread started: Users 1-84
2020-07-24 12:37:08,437 INFO o.a.j.t.JMeterThread: Thread started: Users 1-85
2020-07-24 12:37:08,459 INFO o.a.j.t.JMeterThread: Thread is done: Users 1-62
2020-07-24 12:37:08,459 INFO o.a.j.t.JMeterThread: Thread finished: Users 1-62
2020-07-24 12:37:08,484 INFO o.a.j.t.JMeterThread: Thread is done: Users 1-67
2020-07-24 12:37:08,484 INFO o.a.j.t.JMeterThread: Thread finished: Users 1-67
2020-07-24 12:37:08,486 INFO o.a.j.t.JMeterThread: Thread started: Users 1-86
2020-07-24 12:37:08,497 INFO o.a.j.t.JMeterThread: Thread is done: Users 1-66
2020-07-24 12:37:08,497 INFO o.a.j.t.JMeterThread: Thread finished: Users 1-66
2020-07-24 12:37:08,537 INFO o.a.j.t.JMeterThread: Thread started: Users 1-87
2020-07-24 12:37:08,588 INFO o.a.j.t.JMeterThread: Thread started: Users 1-88
2020-07-24 12:37:08,638 INFO o.a.j.t.JMeterThread: Thread started: Users 1-89
2020-07-24 12:37:08,643 INFO o.a.j.t.JMeterThread: Thread is done: Users 1-40
2020-07-24 12:37:08,643 INFO o.a.j.t.JMeterThread: Thread finished: Users 1-40
2020-07-24 12:37:08,647 INFO o.a.j.t.JMeterThread: Thread is done: Users 1-70
2020-07-24 12:37:08,647 INFO o.a.j.t.JMeterThread: Thread finished: Users 1-70
2020-07-24 12:37:08,689 INFO o.a.j.t.JMeterThread: Thread started: Users 1-90
2020-07-24 12:37:08,693 INFO o.a.j.t.JMeterThread: Thread is done: Users 1-71
2020-07-24 12:37:08,693 INFO o.a.j.t.JMeterThread: Thread finished: Users 1-71
2020-07-24 12:37:08,733 INFO o.a.j.t.JMeterThread: Thread is done: Users 1-78
2020-07-24 12:37:08,733 INFO o.a.j.t.JMeterThread: Thread finished: Users 1-78
2020-07-24 12:37:08,738 INFO o.a.j.t.JMeterThread: Thread started: Users 1-91
2020-07-24 12:37:08,748 INFO o.a.j.t.JMeterThread: Thread is done: Users 1-72
2020-07-24 12:37:08,748 INFO o.a.j.t.JMeterThread: Thread finished: Users 1-72
2020-07-24 12:37:08,761 INFO o.a.j.t.JMeterThread: Thread is done: Users 1-68
2020-07-24 12:37:08,761 INFO o.a.j.t.JMeterThread: Thread finished: Users 1-68
2020-07-24 12:37:08,787 INFO o.a.j.t.JMeterThread: Thread started: Users 1-92
2020-07-24 12:37:08,801 INFO o.a.j.t.JMeterThread: Thread is done: Users 1-69
2020-07-24 12:37:08,801 INFO o.a.j.t.JMeterThread: Thread finished: Users 1-69
2020-07-24 12:37:08,838 INFO o.a.j.t.JMeterThread: Thread started: Users 1-93
2020-07-24 12:37:08,891 INFO o.a.j.t.JMeterThread: Thread started: Users 1-94
2020-07-24 12:37:08,909 INFO o.a.j.t.JMeterThread: Thread is done: Users 1-84
2020-07-24 12:37:08,909 INFO o.a.j.t.JMeterThread: Thread finished: Users 1-84
2020-07-24 12:37:08,912 INFO o.a.j.t.JMeterThread: Thread is done: Users 1-75
2020-07-24 12:37:08,912 INFO o.a.j.t.JMeterThread: Thread finished: Users 1-75
2020-07-24 12:37:08,942 INFO o.a.j.t.JMeterThread: Thread started: Users 1-95
2020-07-24 12:37:08,982 INFO o.a.j.t.JMeterThread: Thread is done: Users 1-82
2020-07-24 12:37:08,982 INFO o.a.j.t.JMeterThread: Thread finished: Users 1-82
2020-07-24 12:37:08,992 INFO o.a.j.t.JMeterThread: Thread started: Users 1-96
2020-07-24 12:37:09,024 INFO o.a.j.t.JMeterThread: Thread is done: Users 1-73
2020-07-24 12:37:09,024 INFO o.a.j.t.JMeterThread: Thread finished: Users 1-73
2020-07-24 12:37:09,043 INFO o.a.j.t.JMeterThread: Thread started: Users 1-97
2020-07-24 12:37:09,093 INFO o.a.j.t.JMeterThread: Thread started: Users 1-98
2020-07-24 12:37:09,101 INFO o.a.j.t.JMeterThread: Thread is done: Users 1-74
2020-07-24 12:37:09,101 INFO o.a.j.t.JMeterThread: Thread finished: Users 1-74
2020-07-24 12:37:09,120 INFO o.a.j.t.JMeterThread: Thread is done: Users 1-79
2020-07-24 12:37:09,120 INFO o.a.j.t.JMeterThread: Thread finished: Users 1-79
2020-07-24 12:37:09,141 INFO o.a.j.t.JMeterThread: Thread started: Users 1-99
2020-07-24 12:37:09,191 INFO o.a.j.t.JMeterThread: Thread started: Users 1-100
2020-07-24 12:37:09,198 INFO o.a.j.t.JMeterThread: Thread is done: Users 1-77
2020-07-24 12:37:09,198 INFO o.a.j.t.JMeterThread: Thread finished: Users 1-77
2020-07-24 12:37:09,215 INFO o.a.j.t.JMeterThread: Thread is done: Users 1-76
2020-07-24 12:37:09,215 INFO o.a.j.t.JMeterThread: Thread finished: Users 1-76
2020-07-24 12:37:09,243 INFO o.a.j.t.JMeterThread: Thread is done: Users 1-91
2020-07-24 12:37:09,244 INFO o.a.j.t.JMeterThread: Thread finished: Users 1-91
2020-07-24 12:37:09,284 INFO o.a.j.t.JMeterThread: Thread is done: Users 1-81
2020-07-24 12:37:09,284 INFO o.a.j.t.JMeterThread: Thread finished: Users 1-81
2020-07-24 12:37:09,357 INFO o.a.j.t.JMeterThread: Thread is done: Users 1-80
2020-07-24 12:37:09,357 INFO o.a.j.t.JMeterThread: Thread finished: Users 1-80
2020-07-24 12:37:09,398 INFO o.a.j.t.JMeterThread: Thread is done: Users 1-85
2020-07-24 12:37:09,398 INFO o.a.j.t.JMeterThread: Thread finished: Users 1-85
2020-07-24 12:37:09,413 INFO o.a.j.t.JMeterThread: Thread is done: Users 1-94
2020-07-24 12:37:09,413 INFO o.a.j.t.JMeterThread: Thread finished: Users 1-94
2020-07-24 12:37:09,442 INFO o.a.j.t.JMeterThread: Thread is done: Users 1-86
2020-07-24 12:37:09,442 INFO o.a.j.t.JMeterThread: Thread finished: Users 1-86
2020-07-24 12:37:09,486 INFO o.a.j.t.JMeterThread: Thread is done: Users 1-87
2020-07-24 12:37:09,486 INFO o.a.j.t.JMeterThread: Thread finished: Users 1-87
2020-07-24 12:37:09,501 INFO o.a.j.t.JMeterThread: Thread is done: Users 1-83
2020-07-24 12:37:09,501 INFO o.a.j.t.JMeterThread: Thread finished: Users 1-83
2020-07-24 12:37:09,543 INFO o.a.j.t.JMeterThread: Thread is done: Users 1-88
2020-07-24 12:37:09,543 INFO o.a.j.t.JMeterThread: Thread finished: Users 1-88
2020-07-24 12:37:09,591 INFO o.a.j.t.JMeterThread: Thread is done: Users 1-89
2020-07-24 12:37:09,591 INFO o.a.j.t.JMeterThread: Thread finished: Users 1-89
2020-07-24 12:37:09,633 INFO o.a.j.t.JMeterThread: Thread is done: Users 1-90
2020-07-24 12:37:09,633 INFO o.a.j.t.JMeterThread: Thread finished: Users 1-90
2020-07-24 12:37:09,686 INFO o.a.j.t.JMeterThread: Thread is done: Users 1-97
2020-07-24 12:37:09,686 INFO o.a.j.t.JMeterThread: Thread finished: Users 1-97
2020-07-24 12:37:09,702 INFO o.a.j.t.JMeterThread: Thread is done: Users 1-100
2020-07-24 12:37:09,702 INFO o.a.j.t.JMeterThread: Thread finished: Users 1-100
2020-07-24 12:37:09,797 INFO o.a.j.t.JMeterThread: Thread is done: Users 1-93
2020-07-24 12:37:09,797 INFO o.a.j.t.JMeterThread: Thread finished: Users 1-93
2020-07-24 12:37:09,878 INFO o.a.j.t.JMeterThread: Thread is done: Users 1-98
2020-07-24 12:37:09,878 INFO o.a.j.t.JMeterThread: Thread finished: Users 1-98
2020-07-24 12:37:09,891 INFO o.a.j.t.JMeterThread: Thread is done: Users 1-95
2020-07-24 12:37:09,891 INFO o.a.j.t.JMeterThread: Thread finished: Users 1-95
2020-07-24 12:37:09,977 INFO o.a.j.t.JMeterThread: Thread is done: Users 1-96
2020-07-24 12:37:09,977 INFO o.a.j.t.JMeterThread: Thread finished: Users 1-96
2020-07-24 12:37:10,056 INFO o.a.j.t.JMeterThread: Thread is done: Users 1-92
2020-07-24 12:37:10,057 INFO o.a.j.t.JMeterThread: Thread finished: Users 1-92
2020-07-24 12:37:10,100 INFO o.a.j.t.JMeterThread: Thread is done: Users 1-99
2020-07-24 12:37:10,100 INFO o.a.j.t.JMeterThread: Thread finished: Users 1-99
2020-07-24 12:37:10,100 INFO o.a.j.e.StandardJMeterEngine: Notifying test listeners of end of test
2020-07-24 12:37:10,101 INFO o.a.j.g.u.JMeterMenuBar: setRunning(false, *local*)
